2016-02-04 13:55:24 [INFO] [Multiverse-Core] - Version 2.4-b527 (API v14) Enabled - By Rigby, fernferret, lithium3141 and main--
2016-02-04 13:55:24 [INFO] [Multiverse-Core] Loading World & Settings - 'world' - Env: NORMAL - Type: NORMAL & seed: 7370343306682271369
2016-02-04 13:55:25 [WARNING] [Multiverse-Core] Spawn location from world.dat file was unsafe. Adjusting...
2016-02-04 13:55:25 [WARNING] [Multiverse-Core] Original Location: X: -52 Y: 64 Z: 240 P: 0 Y: 0 
2016-02-04 13:55:25 [INFO] [Multiverse-Core] New Spawn for 'world' is Located at: world:-44.50,67.00,248.50:0.00:0.00
2016-02-04 13:55:25 [INFO] [Multiverse-Core] Loading World & Settings - 'DIM1' - Env: THE_END - Type: NORMAL & seed: 7370343306682271369
2016-02-04 13:55:25 [WARNING] [Multiverse-Core] Spawn location from world.dat file was unsafe. Adjusting...
2016-02-04 13:55:25 [WARNING] [Multiverse-Core] Original Location: X: 0 Y: 50 Z: 0 P: 0 Y: 0 
2016-02-04 13:55:25 [INFO] [Multiverse-Core] New Spawn for 'DIM1' is Located at: DIM1:0.00,64.00,0.00:0.00:0.00
2016-02-04 13:55:28 [INFO] [Multiverse-Core] Loading World & Settings - 'DIM-1' - Env: NETHER - Type: NORMAL & seed: 7370343306682271369
2016-02-04 13:55:28 [WARNING] [Multiverse-Core] Spawn location from world.dat file was unsafe. Adjusting...
2016-02-04 13:55:28 [WARNING] [Multiverse-Core] Original Location: X: 0 Y: 64 Z: 0 P: 0 Y: 0 
2016-02-04 13:55:28 [INFO] [Multiverse-Core] New Spawn for 'DIM-1' is Located at: DIM-1:-1.50,64.00,-1.50:0.00:0.00
2016-02-04 13:55:42 [INFO] [Multiverse-Core] Loading World & Settings - 'world' - Env: NORMAL - Type: NORMAL & seed: 7370343306682271369
2016-02-04 13:55:42 [INFO] [Multiverse-Core] Loading World & Settings - 'DIM1' - Env: THE_END - Type: NORMAL & seed: 7370343306682271369
2016-02-04 13:55:42 [INFO] [Multiverse-Core] Loading World & Settings - 'DIM-1' - Env: NETHER - Type: NORMAL & seed: 7370343306682271369
2016-02-04 13:55:42 [INFO] [Multiverse-Core] 3 - World(s) loaded.
2016-02-04 14:23:45 [INFO] [Multiverse-Core] - Version 2.4-b527 (API v14) Enabled - By Rigby, fernferret, lithium3141 and main--
2016-02-04 14:23:46 [INFO] [Multiverse-Core] Loading World & Settings - 'world' - Env: NORMAL - Type: NORMAL & seed: 7370343306682271369
2016-02-04 14:23:46 [INFO] [Multiverse-Core] Loading World & Settings - 'DIM1' - Env: THE_END - Type: NORMAL & seed: 7370343306682271369
2016-02-04 14:23:46 [INFO] [Multiverse-Core] Loading World & Settings - 'DIM-1' - Env: NETHER - Type: NORMAL & seed: 7370343306682271369
2016-02-04 14:23:49 [INFO] [Multiverse-Core] Loading World & Settings - 'world' - Env: NORMAL - Type: NORMAL & seed: 7370343306682271369
2016-02-04 14:23:49 [INFO] [Multiverse-Core] Loading World & Settings - 'DIM1' - Env: THE_END - Type: NORMAL & seed: 7370343306682271369
2016-02-04 14:23:49 [INFO] [Multiverse-Core] Loading World & Settings - 'DIM-1' - Env: NETHER - Type: NORMAL & seed: 7370343306682271369
2016-02-04 14:23:49 [INFO] [Multiverse-Core] 3 - World(s) loaded.
2016-02-04 14:26:54 [INFO] [Multiverse-Core] Loading World & Settings - 'city' - Env: NORMAL - Type: NORMAL & generator: CityWorld
2016-02-04 14:30:21 [INFO] [Multiverse-Core] Loading World & Settings - 'hard' - Env: NORMAL - Type: NORMAL & generator: CityWorld:SnowDunes
2016-02-04 14:36:44 [INFO] [Multiverse-Core] - Version 2.4-b527 (API v14) Enabled - By Rigby, fernferret, lithium3141 and main--
2016-02-04 14:36:45 [INFO] [Multiverse-Core] Loading World & Settings - 'world' - Env: NORMAL - Type: NORMAL & seed: 7370343306682271369
2016-02-04 14:36:45 [INFO] [Multiverse-Core] Loading World & Settings - 'DIM1' - Env: THE_END - Type: NORMAL & seed: 7370343306682271369
2016-02-04 14:36:45 [INFO] [Multiverse-Core] Loading World & Settings - 'DIM-1' - Env: NETHER - Type: NORMAL & seed: 7370343306682271369
2016-02-04 14:36:46 [INFO] [Multiverse-Core] Loading World & Settings - 'city' - Env: NORMAL - Type: NORMAL & seed: 2386401173717377293 & generator: CityWorld
2016-02-04 14:36:46 [WARNING] [Multiverse-Core] Spawn location from world.dat file was unsafe. Adjusting...
2016-02-04 14:36:46 [WARNING] [Multiverse-Core] Original Location: X: -47 Y: 66 Z: 54 P: 0 Y: 0 
2016-02-04 14:36:46 [INFO] [Multiverse-Core] New Spawn for 'city' is Located at: city:-44.50,66.00,54.50:0.00:0.00
2016-02-04 14:36:47 [INFO] [Multiverse-Core] Loading World & Settings - 'hard' - Env: NORMAL - Type: NORMAL & seed: 6464258854154450870 & generator: CityWorld:SnowDunes
2016-02-04 14:36:48 [INFO] [Multiverse-Core] 5 - World(s) loaded.
2016-02-04 14:58:29 [INFO] [Multiverse-Core] - Version 2.4-b527 (API v14) Enabled - By Rigby, fernferret, lithium3141 and main--
2016-02-04 14:58:29 [INFO] [Multiverse-Core] Loading World & Settings - 'world' - Env: NORMAL - Type: NORMAL & seed: 7370343306682271369
2016-02-04 14:58:29 [INFO] [Multiverse-Core] Loading World & Settings - 'DIM1' - Env: THE_END - Type: NORMAL & seed: 7370343306682271369
2016-02-04 14:58:30 [INFO] [Multiverse-Core] Loading World & Settings - 'DIM-1' - Env: NETHER - Type: NORMAL & seed: 7370343306682271369
2016-02-04 14:58:30 [INFO] [Multiverse-Core] Loading World & Settings - 'city' - Env: NORMAL - Type: NORMAL & seed: 2386401173717377293 & generator: CityWorld
2016-02-04 14:58:31 [INFO] [Multiverse-Core] Loading World & Settings - 'hard' - Env: NORMAL - Type: NORMAL & seed: 6464258854154450870 & generator: CityWorld:SnowDunes
2016-02-04 14:58:32 [INFO] [Multiverse-Core] 5 - World(s) loaded.
2016-02-04 15:02:43 [INFO] [Multiverse-Core] Loading World & Settings - 'wild' - Env: NORMAL - Type: NORMAL & generator: TerrainControl
2016-02-04 15:02:43 [SEVERE] [Multiverse-Core] The world 'wild' could NOT be loaded because it contains errors!
2016-02-04 15:02:43 [SEVERE] [Multiverse-Core] Try using Chukster to repair your world! 'wild'
2016-02-04 15:02:43 [SEVERE] [Multiverse-Core] http://forums.bukkit.org/threads/admin-chunkster.8186/
2016-02-04 15:03:51 [INFO] [Multiverse-Core] Loading World & Settings - 'TEST' - Env: NORMAL - Type: NORMAL & generator: TerrainControl
2016-02-04 18:29:05 [INFO] [Multiverse-Core] - Version 2.4-b527 (API v14) Enabled - By Rigby, fernferret, lithium3141 and main--
2016-02-04 18:29:05 [INFO] [Multiverse-Core] Loading World & Settings - 'world' - Env: NORMAL - Type: NORMAL & seed: 7370343306682271369
2016-02-04 18:29:05 [INFO] [Multiverse-Core] Loading World & Settings - 'DIM1' - Env: THE_END - Type: NORMAL & seed: 7370343306682271369
2016-02-04 18:29:06 [INFO] [Multiverse-Core] Loading World & Settings - 'DIM-1' - Env: NETHER - Type: NORMAL & seed: 7370343306682271369
2016-02-04 18:29:07 [INFO] [Multiverse-Core] Loading World & Settings - 'city' - Env: NORMAL - Type: NORMAL & seed: 2386401173717377293 & generator: CityWorld
2016-02-04 18:29:08 [INFO] [Multiverse-Core] Loading World & Settings - 'hard' - Env: NORMAL - Type: NORMAL & seed: 6464258854154450870 & generator: CityWorld:SnowDunes
2016-02-04 18:29:09 [INFO] [Multiverse-Core] Loading World & Settings - 'TEST' - Env: NORMAL - Type: NORMAL & seed: -1505911185623888028 & generator: TerrainControl
2016-02-04 18:29:10 [INFO] [Multiverse-Core] 6 - World(s) loaded.
2016-02-04 18:44:22 [INFO] [Multiverse-Core] - Version 2.4-b527 (API v14) Enabled - By Rigby, fernferret, lithium3141 and main--
2016-02-04 18:44:23 [INFO] [Multiverse-Core] Loading World & Settings - 'world' - Env: NORMAL - Type: NORMAL & seed: 7370343306682271369
2016-02-04 18:44:23 [INFO] [Multiverse-Core] Loading World & Settings - 'DIM1' - Env: THE_END - Type: NORMAL & seed: 7370343306682271369
2016-02-04 18:44:23 [INFO] [Multiverse-Core] Loading World & Settings - 'DIM-1' - Env: NETHER - Type: NORMAL & seed: 7370343306682271369
2016-02-04 18:44:24 [INFO] [Multiverse-Core] Loading World & Settings - 'city' - Env: NORMAL - Type: NORMAL & seed: 2386401173717377293 & generator: CityWorld
2016-02-04 18:44:25 [INFO] [Multiverse-Core] Loading World & Settings - 'hard' - Env: NORMAL - Type: NORMAL & seed: 6464258854154450870 & generator: CityWorld:SnowDunes
2016-02-04 18:44:26 [INFO] [Multiverse-Core] Loading World & Settings - 'TEST' - Env: NORMAL - Type: NORMAL & seed: -1505911185623888028 & generator: TerrainControl
2016-02-04 18:44:27 [INFO] [Multiverse-Core] 6 - World(s) loaded.
2016-02-04 18:46:43 [INFO] [Multiverse-Core] - Version 2.4-b527 (API v14) Enabled - By Rigby, fernferret, lithium3141 and main--
2016-02-04 18:46:43 [INFO] [Multiverse-Core] Loading World & Settings - 'world' - Env: NORMAL - Type: NORMAL & seed: 7370343306682271369
2016-02-04 18:46:43 [INFO] [Multiverse-Core] Loading World & Settings - 'DIM1' - Env: THE_END - Type: NORMAL & seed: 7370343306682271369
2016-02-04 18:46:43 [INFO] [Multiverse-Core] Loading World & Settings - 'DIM-1' - Env: NETHER - Type: NORMAL & seed: 7370343306682271369
2016-02-04 18:46:44 [INFO] [Multiverse-Core] Loading World & Settings - 'city' - Env: NORMAL - Type: NORMAL & seed: 2386401173717377293 & generator: CityWorld
2016-02-04 18:46:45 [INFO] [Multiverse-Core] Loading World & Settings - 'hard' - Env: NORMAL - Type: NORMAL & seed: 6464258854154450870 & generator: CityWorld:SnowDunes
2016-02-04 18:46:47 [INFO] [Multiverse-Core] Loading World & Settings - 'TEST' - Env: NORMAL - Type: NORMAL & seed: -1505911185623888028 & generator: TerrainControl
2016-02-04 18:47:05 [INFO] [Multiverse-Core] 6 - World(s) loaded.
2016-02-04 18:50:54 [INFO] [Multiverse-Core] - Version 2.4-b527 (API v14) Enabled - By Rigby, fernferret, lithium3141 and main--
2016-02-04 18:50:54 [INFO] [Multiverse-Core] Loading World & Settings - 'world' - Env: NORMAL - Type: NORMAL & seed: 7370343306682271369
2016-02-04 18:50:54 [INFO] [Multiverse-Core] Loading World & Settings - 'DIM1' - Env: THE_END - Type: NORMAL & seed: 7370343306682271369
2016-02-04 18:50:54 [INFO] [Multiverse-Core] Loading World & Settings - 'DIM-1' - Env: NETHER - Type: NORMAL & seed: 7370343306682271369
2016-02-04 18:50:55 [INFO] [Multiverse-Core] Loading World & Settings - 'city' - Env: NORMAL - Type: NORMAL & seed: 2386401173717377293 & generator: CityWorld
2016-02-04 18:50:56 [INFO] [Multiverse-Core] Loading World & Settings - 'hard' - Env: NORMAL - Type: NORMAL & seed: 6464258854154450870 & generator: CityWorld:SnowDunes
2016-02-04 18:50:57 [INFO] [Multiverse-Core] Loading World & Settings - 'TEST' - Env: NORMAL - Type: NORMAL & seed: -1505911185623888028 & generator: TerrainControl
2016-02-04 18:51:12 [INFO] [Multiverse-Core] 6 - World(s) loaded.
2016-02-04 18:54:39 [INFO] [Multiverse-Core] - Version 2.4-b527 (API v14) Enabled - By Rigby, fernferret, lithium3141 and main--
2016-02-04 18:54:39 [INFO] [Multiverse-Core] Loading World & Settings - 'world' - Env: NORMAL - Type: NORMAL & seed: 7370343306682271369
2016-02-04 18:54:39 [INFO] [Multiverse-Core] Loading World & Settings - 'DIM1' - Env: THE_END - Type: NORMAL & seed: 7370343306682271369
2016-02-04 18:54:39 [INFO] [Multiverse-Core] Loading World & Settings - 'DIM-1' - Env: NETHER - Type: NORMAL & seed: 7370343306682271369
2016-02-04 18:54:40 [INFO] [Multiverse-Core] Loading World & Settings - 'city' - Env: NORMAL - Type: NORMAL & seed: 2386401173717377293 & generator: CityWorld
2016-02-04 18:54:40 [INFO] [Multiverse-Core] Loading World & Settings - 'hard' - Env: NORMAL - Type: NORMAL & seed: 6464258854154450870 & generator: CityWorld:SnowDunes
2016-02-04 18:54:42 [INFO] [Multiverse-Core] Loading World & Settings - 'TEST' - Env: NORMAL - Type: NORMAL & seed: -1505911185623888028 & generator: TerrainControl
2016-02-04 18:54:43 [INFO] [Multiverse-Core] 6 - World(s) loaded.
2016-02-04 18:56:28 [INFO] [Multiverse-Core] - Version 2.4-b527 (API v14) Enabled - By Rigby, fernferret, lithium3141 and main--
2016-02-04 18:56:28 [INFO] [Multiverse-Core] Loading World & Settings - 'world' - Env: NORMAL - Type: NORMAL & seed: 7370343306682271369
2016-02-04 18:56:28 [INFO] [Multiverse-Core] Loading World & Settings - 'DIM1' - Env: THE_END - Type: NORMAL & seed: 7370343306682271369
2016-02-04 18:56:28 [INFO] [Multiverse-Core] Loading World & Settings - 'DIM-1' - Env: NETHER - Type: NORMAL & seed: 7370343306682271369
2016-02-04 18:56:29 [INFO] [Multiverse-Core] Loading World & Settings - 'city' - Env: NORMAL - Type: NORMAL & seed: 2386401173717377293 & generator: CityWorld
2016-02-04 18:56:30 [INFO] [Multiverse-Core] Loading World & Settings - 'hard' - Env: NORMAL - Type: NORMAL & seed: 6464258854154450870 & generator: CityWorld:SnowDunes
2016-02-04 18:56:31 [INFO] [Multiverse-Core] Loading World & Settings - 'TEST' - Env: NORMAL - Type: NORMAL & seed: -1505911185623888028 & generator: TerrainControl
2016-02-04 18:56:48 [INFO] [Multiverse-Core] 6 - World(s) loaded.
2016-02-04 19:01:26 [INFO] [Multiverse-Core] - Version 2.4-b527 (API v14) Enabled - By Rigby, fernferret, lithium3141 and main--
2016-02-04 19:01:26 [INFO] [Multiverse-Core] Loading World & Settings - 'world' - Env: NORMAL - Type: NORMAL & seed: 7370343306682271369
2016-02-04 19:01:26 [INFO] [Multiverse-Core] Loading World & Settings - 'DIM1' - Env: THE_END - Type: NORMAL & seed: 7370343306682271369
2016-02-04 19:01:26 [INFO] [Multiverse-Core] Loading World & Settings - 'DIM-1' - Env: NETHER - Type: NORMAL & seed: 7370343306682271369
2016-02-04 19:01:27 [INFO] [Multiverse-Core] Loading World & Settings - 'city' - Env: NORMAL - Type: NORMAL & seed: 2386401173717377293 & generator: CityWorld
2016-02-04 19:01:28 [INFO] [Multiverse-Core] Loading World & Settings - 'hard' - Env: NORMAL - Type: NORMAL & seed: 6464258854154450870 & generator: CityWorld:SnowDunes
2016-02-04 19:01:29 [INFO] [Multiverse-Core] Loading World & Settings - 'TEST' - Env: NORMAL - Type: NORMAL & seed: -1505911185623888028 & generator: TerrainControl
2016-02-04 19:01:44 [INFO] [Multiverse-Core] 6 - World(s) loaded.
2016-02-04 19:08:39 [INFO] [Multiverse-Core] - Version 2.4-b527 (API v14) Enabled - By Rigby, fernferret, lithium3141 and main--
2016-02-04 19:08:40 [INFO] [Multiverse-Core] Loading World & Settings - 'world' - Env: NORMAL - Type: NORMAL & seed: 7370343306682271369
2016-02-04 19:08:40 [INFO] [Multiverse-Core] Loading World & Settings - 'DIM1' - Env: THE_END - Type: NORMAL & seed: 7370343306682271369
2016-02-04 19:08:40 [INFO] [Multiverse-Core] Loading World & Settings - 'DIM-1' - Env: NETHER - Type: NORMAL & seed: 7370343306682271369
2016-02-04 19:08:41 [INFO] [Multiverse-Core] Loading World & Settings - 'city' - Env: NORMAL - Type: NORMAL & seed: 2386401173717377293 & generator: CityWorld
2016-02-04 19:08:42 [INFO] [Multiverse-Core] Loading World & Settings - 'hard' - Env: NORMAL - Type: NORMAL & seed: 6464258854154450870 & generator: CityWorld:SnowDunes
2016-02-04 19:08:43 [INFO] [Multiverse-Core] Loading World & Settings - 'TEST' - Env: NORMAL - Type: NORMAL & seed: -1505911185623888028 & generator: TerrainControl
2016-02-04 19:08:57 [INFO] [Multiverse-Core] 6 - World(s) loaded.
2016-02-04 19:13:32 [INFO] [Multiverse-Core] - Version 2.4-b527 (API v14) Enabled - By Rigby, fernferret, lithium3141 and main--
2016-02-04 19:13:33 [INFO] [Multiverse-Core] Loading World & Settings - 'world' - Env: NORMAL - Type: NORMAL & seed: 7370343306682271369
2016-02-04 19:13:33 [INFO] [Multiverse-Core] Loading World & Settings - 'DIM1' - Env: THE_END - Type: NORMAL & seed: 7370343306682271369
2016-02-04 19:13:33 [INFO] [Multiverse-Core] Loading World & Settings - 'DIM-1' - Env: NETHER - Type: NORMAL & seed: 7370343306682271369
2016-02-04 19:13:34 [INFO] [Multiverse-Core] Loading World & Settings - 'city' - Env: NORMAL - Type: NORMAL & seed: 2386401173717377293 & generator: CityWorld
2016-02-04 19:13:35 [INFO] [Multiverse-Core] Loading World & Settings - 'hard' - Env: NORMAL - Type: NORMAL & seed: 6464258854154450870 & generator: CityWorld:SnowDunes
2016-02-04 19:13:37 [INFO] [Multiverse-Core] Loading World & Settings - 'TEST' - Env: NORMAL - Type: NORMAL & seed: -1505911185623888028 & generator: TerrainControl
2016-02-04 19:13:38 [INFO] [Multiverse-Core] 6 - World(s) loaded.
2016-02-04 19:29:52 [INFO] [Multiverse-Core] - Version 2.4-b527 (API v14) Enabled - By Rigby, fernferret, lithium3141 and main--
2016-02-04 19:29:52 [INFO] [Multiverse-Core] Loading World & Settings - 'world' - Env: NORMAL - Type: NORMAL & seed: 7370343306682271369
2016-02-04 19:29:52 [INFO] [Multiverse-Core] Loading World & Settings - 'DIM1' - Env: THE_END - Type: NORMAL & seed: 7370343306682271369
2016-02-04 19:29:53 [INFO] [Multiverse-Core] Loading World & Settings - 'DIM-1' - Env: NETHER - Type: NORMAL & seed: 7370343306682271369
2016-02-04 19:29:54 [INFO] [Multiverse-Core] Loading World & Settings - 'city' - Env: NORMAL - Type: NORMAL & seed: 2386401173717377293 & generator: CityWorld
2016-02-04 19:29:55 [INFO] [Multiverse-Core] Loading World & Settings - 'hard' - Env: NORMAL - Type: NORMAL & seed: 6464258854154450870 & generator: CityWorld:SnowDunes
2016-02-04 19:29:56 [INFO] [Multiverse-Core] Loading World & Settings - 'TEST' - Env: NORMAL - Type: NORMAL & seed: -1505911185623888028 & generator: TerrainControl
2016-02-04 19:29:57 [INFO] [Multiverse-Core] 6 - World(s) loaded.
2016-02-04 19:33:24 [INFO] [Multiverse-Core] - Version 2.4-b527 (API v14) Enabled - By Rigby, fernferret, lithium3141 and main--
2016-02-04 19:33:25 [INFO] [Multiverse-Core] Loading World & Settings - 'world' - Env: NORMAL - Type: NORMAL & seed: 7370343306682271369
2016-02-04 19:33:25 [INFO] [Multiverse-Core] Loading World & Settings - 'DIM1' - Env: THE_END - Type: NORMAL & seed: 7370343306682271369
2016-02-04 19:33:25 [INFO] [Multiverse-Core] Loading World & Settings - 'DIM-1' - Env: NETHER - Type: NORMAL & seed: 7370343306682271369
2016-02-04 19:33:26 [INFO] [Multiverse-Core] Loading World & Settings - 'city' - Env: NORMAL - Type: NORMAL & seed: 2386401173717377293 & generator: CityWorld
2016-02-04 19:33:27 [INFO] [Multiverse-Core] Loading World & Settings - 'hard' - Env: NORMAL - Type: NORMAL & seed: 6464258854154450870 & generator: CityWorld:SnowDunes
2016-02-04 19:33:28 [INFO] [Multiverse-Core] Loading World & Settings - 'TEST' - Env: NORMAL - Type: NORMAL & seed: -1505911185623888028 & generator: TerrainControl
2016-02-04 19:33:29 [INFO] [Multiverse-Core] 6 - World(s) loaded.
2016-02-04 19:41:15 [INFO] [Multiverse-Core] - Version 2.4-b527 (API v14) Enabled - By Rigby, fernferret, lithium3141 and main--
2016-02-04 19:41:15 [INFO] [Multiverse-Core] Loading World & Settings - 'world' - Env: NORMAL - Type: NORMAL & seed: 7370343306682271369
2016-02-04 19:41:15 [INFO] [Multiverse-Core] Loading World & Settings - 'DIM1' - Env: THE_END - Type: NORMAL & seed: 7370343306682271369
2016-02-04 19:41:16 [INFO] [Multiverse-Core] Loading World & Settings - 'DIM-1' - Env: NETHER - Type: NORMAL & seed: 7370343306682271369
2016-02-04 19:41:17 [INFO] [Multiverse-Core] Loading World & Settings - 'city' - Env: NORMAL - Type: NORMAL & seed: 2386401173717377293 & generator: CityWorld
2016-02-04 19:41:18 [INFO] [Multiverse-Core] 4 - World(s) loaded.
2016-02-04 19:43:04 [INFO] [Multiverse-Core] Loading World & Settings - 'extreme' - Env: NORMAL - Type: NORMAL & generator: TerrainControl
2016-02-04 19:43:05 [SEVERE] [Multiverse-Core] The world 'extreme' could NOT be loaded because it contains errors!
2016-02-04 19:43:05 [SEVERE] [Multiverse-Core] Try using Chukster to repair your world! 'extreme'
2016-02-04 19:43:05 [SEVERE] [Multiverse-Core] http://forums.bukkit.org/threads/admin-chunkster.8186/
2016-02-04 19:43:40 [INFO] [Multiverse-Core] Loading World & Settings - 'wild' - Env: NORMAL - Type: NORMAL & generator: TerrainControl
2016-02-04 19:53:07 [INFO] [Multiverse-Core] - Version 2.4-b527 (API v14) Enabled - By Rigby, fernferret, lithium3141 and main--
2016-02-04 19:53:07 [INFO] [Multiverse-Core] Loading World & Settings - 'world' - Env: NORMAL - Type: NORMAL & seed: 7370343306682271369
2016-02-04 19:53:08 [INFO] [Multiverse-Core] Loading World & Settings - 'DIM1' - Env: THE_END - Type: NORMAL & seed: 7370343306682271369
2016-02-04 19:53:08 [INFO] [Multiverse-Core] Loading World & Settings - 'DIM-1' - Env: NETHER - Type: NORMAL & seed: 7370343306682271369
2016-02-04 19:53:09 [INFO] [Multiverse-Core] Loading World & Settings - 'city' - Env: NORMAL - Type: NORMAL & seed: 2386401173717377293 & generator: CityWorld
2016-02-04 19:53:11 [INFO] [Multiverse-Core] Loading World & Settings - 'wild' - Env: NORMAL - Type: NORMAL & seed: 7541825262092321153 & generator: TerrainControl
2016-02-04 19:53:12 [INFO] [Multiverse-Core] 5 - World(s) loaded.
2016-02-04 19:56:26 [INFO] [Multiverse-Core] Loading World & Settings - 'extreme' - Env: NORMAL - Type: null
2016-02-04 20:17:24 [INFO] [Multiverse-Core] - Version 2.4-b527 (API v14) Enabled - By Rigby, fernferret, lithium3141 and main--
2016-02-04 20:17:24 [INFO] [Multiverse-Core] Loading World & Settings - 'world' - Env: NORMAL - Type: NORMAL & seed: 7370343306682271369
2016-02-04 20:17:24 [INFO] [Multiverse-Core] Loading World & Settings - 'DIM1' - Env: THE_END - Type: NORMAL & seed: 7370343306682271369
2016-02-04 20:17:25 [INFO] [Multiverse-Core] Loading World & Settings - 'DIM-1' - Env: NETHER - Type: NORMAL & seed: 7370343306682271369
2016-02-04 20:17:26 [INFO] [Multiverse-Core] Loading World & Settings - 'city' - Env: NORMAL - Type: NORMAL & seed: 2386401173717377293 & generator: CityWorld
2016-02-04 20:17:27 [INFO] [Multiverse-Core] Loading World & Settings - 'wild' - Env: NORMAL - Type: NORMAL & seed: 7541825262092321153 & generator: TerrainControl
2016-02-04 20:17:48 [INFO] [Multiverse-Core] Loading World & Settings - 'extreme' - Env: NORMAL - Type: NORMAL & seed: 38531440958044251
2016-02-04 20:18:10 [INFO] [Multiverse-Core] 6 - World(s) loaded.
2016-02-04 20:21:20 [INFO] [Multiverse-Core] Loading World & Settings - 'sky' - Env: NORMAL - Type: NORMAL & generator: IsleWorldGen
2016-02-04 20:21:21 [WARNING] [Multiverse-Core] Spawn location from world.dat file was unsafe. Adjusting...
2016-02-04 20:21:21 [WARNING] [Multiverse-Core] Original Location: X: 526 Y: 64 Z: 358 P: 0 Y: 0 
2016-02-04 20:21:22 [SEVERE] [Multiverse-Core] New safe spawn NOT found!!!
2016-02-04 20:21:34 [INFO] [Multiverse-Core] Loading World & Settings - 'float' - Env: NORMAL - Type: NORMAL & generator: IsleWorldGen
2016-02-04 20:21:35 [WARNING] [Multiverse-Core] Spawn location from world.dat file was unsafe. Adjusting...
2016-02-04 20:21:35 [WARNING] [Multiverse-Core] Original Location: X: 1,294 Y: 64 Z: -708 P: 0 Y: 0 
2016-02-04 20:21:35 [SEVERE] [Multiverse-Core] New safe spawn NOT found!!!
2016-02-04 20:29:34 [INFO] [Multiverse-Core] - Version 2.4-b527 (API v14) Enabled - By Rigby, fernferret, lithium3141 and main--
2016-02-04 20:29:35 [INFO] [Multiverse-Core] Loading World & Settings - 'world' - Env: NORMAL - Type: NORMAL & seed: 7370343306682271369
2016-02-04 20:29:35 [INFO] [Multiverse-Core] Loading World & Settings - 'DIM1' - Env: THE_END - Type: NORMAL & seed: 7370343306682271369
2016-02-04 20:29:36 [INFO] [Multiverse-Core] Loading World & Settings - 'DIM-1' - Env: NETHER - Type: NORMAL & seed: 7370343306682271369
2016-02-04 20:29:37 [INFO] [Multiverse-Core] Loading World & Settings - 'city' - Env: NORMAL - Type: NORMAL & seed: 2386401173717377293 & generator: CityWorld
2016-02-04 20:29:38 [INFO] [Multiverse-Core] 4 - World(s) loaded.
2016-02-04 20:31:01 [INFO] [Multiverse-Core] Loading World & Settings - 'sky' - Env: NORMAL - Type: NORMAL & generator: IsleWorldGen
2016-02-04 20:31:04 [WARNING] [Multiverse-Core] Spawn location from world.dat file was unsafe. Adjusting...
2016-02-04 20:31:04 [WARNING] [Multiverse-Core] Original Location: X: 44 Y: 64 Z: -513 P: 0 Y: 0 
2016-02-04 20:31:04 [SEVERE] [Multiverse-Core] New safe spawn NOT found!!!
2016-02-04 20:34:51 [INFO] [Multiverse-Core] - Version 2.4-b527 (API v14) Enabled - By Rigby, fernferret, lithium3141 and main--
2016-02-04 20:34:51 [INFO] [Multiverse-Core] Loading World & Settings - 'world' - Env: NORMAL - Type: NORMAL & seed: 7370343306682271369
2016-02-04 20:34:51 [INFO] [Multiverse-Core] Loading World & Settings - 'DIM1' - Env: THE_END - Type: NORMAL & seed: 7370343306682271369
2016-02-04 20:34:52 [INFO] [Multiverse-Core] Loading World & Settings - 'DIM-1' - Env: NETHER - Type: NORMAL & seed: 7370343306682271369
2016-02-04 20:34:53 [INFO] [Multiverse-Core] Loading World & Settings - 'city' - Env: NORMAL - Type: NORMAL & seed: 2386401173717377293 & generator: CityWorld
2016-02-04 20:34:53 [INFO] [Multiverse-Core] Loading World & Settings - 'sky' - Env: NORMAL - Type: NORMAL & seed: 1189650660863451263 & generator: IsleWorldGen
2016-02-04 20:34:53 [WARNING] [Multiverse-Core] Spawn location from world.dat file was unsafe. Adjusting...
2016-02-04 20:34:53 [WARNING] [Multiverse-Core] Original Location: X: 44 Y: 64 Z: -513 P: 0 Y: 0 
2016-02-04 20:34:54 [SEVERE] [Multiverse-Core] New safe spawn NOT found!!!
2016-02-04 20:35:43 [INFO] [Multiverse-Core] Loading World & Settings - 'float' - Env: NORMAL - Type: NORMAL & generator: IsleWorldGen
2016-02-04 20:35:44 [WARNING] [Multiverse-Core] Spawn location from world.dat file was unsafe. Adjusting...
2016-02-04 20:35:44 [WARNING] [Multiverse-Core] Original Location: X: -806 Y: 64 Z: -609 P: 0 Y: 0 
2016-02-04 20:35:44 [SEVERE] [Multiverse-Core] New safe spawn NOT found!!!
2016-02-04 20:38:09 [INFO] [Multiverse-Core] - Version 2.4-b527 (API v14) Enabled - By Rigby, fernferret, lithium3141 and main--
2016-02-04 20:38:10 [INFO] [Multiverse-Core] Loading World & Settings - 'world' - Env: NORMAL - Type: NORMAL & seed: 7370343306682271369
2016-02-04 20:38:10 [INFO] [Multiverse-Core] Loading World & Settings - 'DIM1' - Env: THE_END - Type: NORMAL & seed: 7370343306682271369
2016-02-04 20:38:10 [INFO] [Multiverse-Core] Loading World & Settings - 'DIM-1' - Env: NETHER - Type: NORMAL & seed: 7370343306682271369
2016-02-04 20:38:11 [INFO] [Multiverse-Core] Loading World & Settings - 'city' - Env: NORMAL - Type: NORMAL & seed: 2386401173717377293 & generator: CityWorld
2016-02-04 20:38:12 [INFO] [Multiverse-Core] Loading World & Settings - 'sky' - Env: NORMAL - Type: NORMAL & seed: 1189650660863451263 & generator: IsleWorldGen
2016-02-04 20:38:12 [WARNING] [Multiverse-Core] Spawn location from world.dat file was unsafe. Adjusting...
2016-02-04 20:38:12 [WARNING] [Multiverse-Core] Original Location: X: 44 Y: 64 Z: -513 P: 0 Y: 0 
2016-02-04 20:38:12 [SEVERE] [Multiverse-Core] New safe spawn NOT found!!!
2016-02-04 20:39:00 [INFO] [Multiverse-Core] Loading World & Settings - 'test' - Env: NORMAL - Type: NORMAL & generator: IsleWorldGen
2016-02-04 20:39:01 [WARNING] [Multiverse-Core] Spawn location from world.dat file was unsafe. Adjusting...
2016-02-04 20:39:01 [WARNING] [Multiverse-Core] Original Location: X: -1,263 Y: 64 Z: 95 P: 0 Y: 0 
2016-02-04 20:39:02 [SEVERE] [Multiverse-Core] New safe spawn NOT found!!!
2016-02-04 20:50:25 [INFO] [Multiverse-Core] - Version 2.4-b527 (API v14) Enabled - By Rigby, fernferret, lithium3141 and main--
2016-02-04 20:50:25 [INFO] [Multiverse-Core] Loading World & Settings - 'world' - Env: NORMAL - Type: NORMAL & seed: 7370343306682271369
2016-02-04 20:50:25 [INFO] [Multiverse-Core] Loading World & Settings - 'DIM1' - Env: THE_END - Type: NORMAL & seed: 7370343306682271369
2016-02-04 20:50:26 [INFO] [Multiverse-Core] Loading World & Settings - 'DIM-1' - Env: NETHER - Type: NORMAL & seed: 7370343306682271369
2016-02-04 20:50:27 [INFO] [Multiverse-Core] Loading World & Settings - 'city' - Env: NORMAL - Type: NORMAL & seed: 2386401173717377293 & generator: CityWorld
2016-02-04 20:50:27 [INFO] [Multiverse-Core] Loading World & Settings - 'sky' - Env: NORMAL - Type: NORMAL & seed: 1189650660863451263 & generator: IsleWorldGen
2016-02-04 20:50:27 [WARNING] [Multiverse-Core] Spawn location from world.dat file was unsafe. Adjusting...
2016-02-04 20:50:27 [WARNING] [Multiverse-Core] Original Location: X: 44 Y: 64 Z: -513 P: 0 Y: 0 
2016-02-04 20:50:28 [SEVERE] [Multiverse-Core] New safe spawn NOT found!!!
2016-02-04 20:50:40 [INFO] [Multiverse-Core] Loading World & Settings - 'float' - Env: NORMAL - Type: NORMAL & seed: -8962629109843757057 & generator: IsleWorldGen
2016-02-04 20:50:40 [WARNING] [Multiverse-Core] Spawn location from world.dat file was unsafe. Adjusting...
2016-02-04 20:50:40 [WARNING] [Multiverse-Core] Original Location: X: -806 Y: 64 Z: -609 P: 0 Y: 0 
2016-02-04 20:50:40 [SEVERE] [Multiverse-Core] New safe spawn NOT found!!!
2016-02-04 20:50:48 [INFO] [Multiverse-Core] Loading World & Settings - 'test' - Env: NORMAL - Type: NORMAL & seed: -7653520095756790870 & generator: IsleWorldGen
2016-02-04 20:50:48 [WARNING] [Multiverse-Core] Spawn location from world.dat file was unsafe. Adjusting...
2016-02-04 20:50:48 [WARNING] [Multiverse-Core] Original Location: X: -1,263 Y: 64 Z: 95 P: 0 Y: 0 
2016-02-04 20:50:48 [SEVERE] [Multiverse-Core] New safe spawn NOT found!!!
2016-02-04 20:50:56 [INFO] [Multiverse-Core] 7 - World(s) loaded.
2016-02-04 20:51:31 [INFO] [Multiverse-Core] Loading World & Settings - 'testtest' - Env: NORMAL - Type: NORMAL & generator: Subterranea:-giant-caves
2016-02-04 20:51:32 [WARNING] [Multiverse-Core] Spawn location from world.dat file was unsafe. Adjusting...
2016-02-04 20:51:32 [WARNING] [Multiverse-Core] Original Location: X: 236 Y: 64 Z: 256 P: 0 Y: 0 
2016-02-04 20:51:32 [INFO] [Multiverse-Core] New Spawn for 'testtest' is Located at: testtest:241.50,64.00,251.50:0.00:0.00
2016-02-04 20:57:21 [INFO] [Multiverse-Core] - Version 2.4-b527 (API v14) Enabled - By Rigby, fernferret, lithium3141 and main--
2016-02-04 20:57:21 [INFO] [Multiverse-Core] Loading World & Settings - 'world' - Env: NORMAL - Type: NORMAL & seed: 7370343306682271369
2016-02-04 20:57:21 [INFO] [Multiverse-Core] Loading World & Settings - 'DIM1' - Env: THE_END - Type: NORMAL & seed: 7370343306682271369
2016-02-04 20:57:22 [INFO] [Multiverse-Core] Loading World & Settings - 'DIM-1' - Env: NETHER - Type: NORMAL & seed: 7370343306682271369
2016-02-04 20:57:23 [INFO] [Multiverse-Core] Loading World & Settings - 'city' - Env: NORMAL - Type: NORMAL & seed: 2386401173717377293 & generator: CityWorld
2016-02-04 20:57:24 [INFO] [Multiverse-Core] 4 - World(s) loaded.
2016-02-04 20:59:17 [INFO] [Multiverse-Core] - Version 2.4-b527 (API v14) Enabled - By Rigby, fernferret, lithium3141 and main--
2016-02-04 20:59:17 [INFO] [Multiverse-Core] Loading World & Settings - 'world' - Env: NORMAL - Type: NORMAL & seed: 7370343306682271369
2016-02-04 20:59:17 [INFO] [Multiverse-Core] Loading World & Settings - 'DIM1' - Env: THE_END - Type: NORMAL & seed: 7370343306682271369
2016-02-04 20:59:17 [INFO] [Multiverse-Core] Loading World & Settings - 'DIM-1' - Env: NETHER - Type: NORMAL & seed: 7370343306682271369
2016-02-04 20:59:18 [INFO] [Multiverse-Core] Loading World & Settings - 'city' - Env: NORMAL - Type: NORMAL & seed: 2386401173717377293 & generator: CityWorld
2016-02-04 20:59:19 [INFO] [Multiverse-Core] 4 - World(s) loaded.
2016-02-04 20:59:38 [INFO] [Multiverse-Core] Loading World & Settings - 'mining' - Env: NORMAL - Type: NORMAL & generator: Subterranea:-underground-biomes true -silverfish true -giant-caves
2016-02-04 20:59:38 [SEVERE] [Multiverse-Core] The world 'mining' could NOT be loaded because it contains errors!
2016-02-04 20:59:38 [SEVERE] [Multiverse-Core] Try using Chukster to repair your world! 'mining'
2016-02-04 20:59:38 [SEVERE] [Multiverse-Core] http://forums.bukkit.org/threads/admin-chunkster.8186/
2016-02-04 20:59:48 [INFO] [Multiverse-Core] Loading World & Settings - 'test' - Env: NORMAL - Type: NORMAL & generator: Subterranea:-underground-biomes true -silverfish true -giant-caves
2016-02-04 20:59:48 [WARNING] [Multiverse-Core] Spawn location from world.dat file was unsafe. Adjusting...
2016-02-04 20:59:48 [WARNING] [Multiverse-Core] Original Location: X: 252 Y: 64 Z: 100 P: 0 Y: 0 
2016-02-04 20:59:49 [INFO] [Multiverse-Core] New Spawn for 'test' is Located at: test:0.00,84.00,0.00:0.00:0.00
2016-02-04 21:01:46 [INFO] [Multiverse-Core] Loading World & Settings - 'test2' - Env: NORMAL - Type: NORMAL & generator: Subterranea
2016-02-04 21:01:47 [WARNING] [Multiverse-Core] Spawn location from world.dat file was unsafe. Adjusting...
2016-02-04 21:01:47 [WARNING] [Multiverse-Core] Original Location: X: -64 Y: 64 Z: 256 P: 0 Y: 0 
2016-02-04 21:01:47 [INFO] [Multiverse-Core] New Spawn for 'test2' is Located at: test2:-60.50,64.00,259.50:0.00:0.00
2016-02-04 21:02:05 [INFO] [Multiverse-Core] Loading World & Settings - 'test3' - Env: NORMAL - Type: NORMAL & generator: Subterranea
2016-02-04 21:02:05 [WARNING] [Multiverse-Core] Spawn location from world.dat file was unsafe. Adjusting...
2016-02-04 21:02:05 [WARNING] [Multiverse-Core] Original Location: X: 172 Y: 64 Z: 256 P: 0 Y: 0 
2016-02-04 21:02:05 [INFO] [Multiverse-Core] New Spawn for 'test3' is Located at: test3:166.50,64.00,256.50:0.00:0.00
2016-02-04 21:02:40 [INFO] [Multiverse-Core] Loading World & Settings - 'test4' - Env: NORMAL - Type: NORMAL & generator: Subterranea
2016-02-04 21:02:40 [WARNING] [Multiverse-Core] Spawn location from world.dat file was unsafe. Adjusting...
2016-02-04 21:02:40 [WARNING] [Multiverse-Core] Original Location: X: -160 Y: 64 Z: 256 P: 0 Y: 0 
2016-02-04 21:02:41 [INFO] [Multiverse-Core] New Spawn for 'test4' is Located at: test4:-153.50,61.00,261.50:0.00:0.00
2016-02-04 21:44:55 [INFO] [Multiverse-Core] Loading World & Settings - 'testmaze' - Env: NORMAL - Type: NORMAL & generator: CityWorld:Maze
2016-02-04 21:47:52 [INFO] [Multiverse-Core] Loading World & Settings - 'testast' - Env: NORMAL - Type: NORMAL & generator: CityWorld:Astral
2016-02-04 21:48:07 [INFO] [Multiverse-Core] Loading World & Settings - 'testast2' - Env: NORMAL - Type: NORMAL & generator: CityWorld:Astral
2016-02-04 21:48:24 [INFO] [Multiverse-Core] Loading World & Settings - 'testast3' - Env: NORMAL - Type: NORMAL & generator: CityWorld:Astral
2016-02-04 21:50:20 [INFO] [Multiverse-Core] - Version 2.4-b527 (API v14) Enabled - By Rigby, fernferret, lithium3141 and main--
2016-02-04 21:50:20 [INFO] [Multiverse-Core] Loading World & Settings - 'world' - Env: NORMAL - Type: NORMAL & seed: 7370343306682271369
2016-02-04 21:50:20 [INFO] [Multiverse-Core] Loading World & Settings - 'DIM1' - Env: THE_END - Type: NORMAL & seed: 7370343306682271369
2016-02-04 21:50:21 [INFO] [Multiverse-Core] Loading World & Settings - 'DIM-1' - Env: NETHER - Type: NORMAL & seed: 7370343306682271369
2016-02-04 21:50:22 [INFO] [Multiverse-Core] Loading World & Settings - 'city' - Env: NORMAL - Type: NORMAL & seed: 2386401173717377293 & generator: CityWorld
2016-02-04 21:50:22 [INFO] [Multiverse-Core] Loading World & Settings - 'test' - Env: NORMAL - Type: NORMAL & seed: -3145132289521917716 & generator: Subterranea:-underground-biomes true -silverfish true -giant-caves
2016-02-04 21:50:23 [INFO] [Multiverse-Core] Loading World & Settings - 'test2' - Env: NORMAL - Type: NORMAL & seed: -6295710076748944017 & generator: Subterranea
2016-02-04 21:50:34 [INFO] [Multiverse-Core] Loading World & Settings - 'test3' - Env: NORMAL - Type: NORMAL & seed: -3029577379485991199 & generator: Subterranea
2016-02-04 21:50:41 [INFO] [Multiverse-Core] Loading World & Settings - 'test4' - Env: NORMAL - Type: NORMAL & seed: -5743480546968741186 & generator: Subterranea
2016-02-04 21:50:42 [INFO] [Multiverse-Core] Loading World & Settings - 'testmaze' - Env: NORMAL - Type: NORMAL & seed: -1212067981303478381 & generator: CityWorld:Maze
2016-02-04 21:50:43 [INFO] [Multiverse-Core] Loading World & Settings - 'testast' - Env: NORMAL - Type: NORMAL & seed: 8643468227338365824 & generator: CityWorld:Astral
2016-02-04 21:50:56 [INFO] [Multiverse-Core] Loading World & Settings - 'testast2' - Env: NORMAL - Type: NORMAL & seed: -2837716953775181705 & generator: CityWorld:Astral
2016-02-04 21:50:56 [WARNING] [Multiverse-Core] Spawn location from world.dat file was unsafe. Adjusting...
2016-02-04 21:50:56 [WARNING] [Multiverse-Core] Original Location: X: 83 Y: 68 Z: 94 P: 0 Y: 0 
2016-02-04 21:50:56 [INFO] [Multiverse-Core] New Spawn for 'testast2' is Located at: testast2:79.50,68.00,98.50:0.00:0.00
2016-02-04 21:51:42 [INFO] [Multiverse-Core] Loading World & Settings - 'testtest69' - Env: NORMAL - Type: NORMAL & generator: CityWorld:Astral
2016-02-04 21:51:59 [INFO] [Multiverse-Core] Loading World & Settings - 'testtest2' - Env: NORMAL - Type: NORMAL & generator: CityWorld:Astral
2016-02-06 11:37:24 [INFO] [Multiverse-Core] - Version 2.4-b527 (API v14) Enabled - By Rigby, fernferret, lithium3141 and main--
2016-02-06 11:37:24 [INFO] [Multiverse-Core] Loading World & Settings - 'hub' - Env: THE_END - Type: FLAT & seed: 7370343306682271369
2016-02-06 11:37:26 [INFO] [Multiverse-Core] Loading World & Settings - 'world' - Env: NORMAL - Type: NORMAL & seed: 7370343306682271369
2016-02-06 11:37:26 [INFO] [Multiverse-Core] Loading World & Settings - 'DIM1' - Env: THE_END - Type: NORMAL & seed: 7370343306682271369
2016-02-06 11:37:27 [INFO] [Multiverse-Core] Loading World & Settings - 'DIM-1' - Env: NETHER - Type: NORMAL & seed: 7370343306682271369
2016-02-06 11:37:28 [INFO] [Multiverse-Core] Loading World & Settings - 'city' - Env: NORMAL - Type: NORMAL & seed: 2386401173717377293 & generator: CityWorld
2016-02-06 11:37:29 [INFO] [Multiverse-Core] Loading World & Settings - 'mine' - Env: NORMAL - Type: AMPLIFIED & seed: 7370343306682271369
2016-02-06 11:49:32 [INFO] [Multiverse-Core] - Version 2.4-b527 (API v14) Enabled - By Rigby, fernferret, lithium3141 and main--
2016-02-06 11:49:32 [INFO] [Multiverse-Core] Loading World & Settings - 'hub' - Env: THE_END - Type: FLAT & seed: 7370343306682271369
2016-02-06 11:49:33 [INFO] [Multiverse-Core] Loading World & Settings - 'world' - Env: NORMAL - Type: NORMAL & seed: 7370343306682271369
2016-02-06 11:49:33 [INFO] [Multiverse-Core] Loading World & Settings - 'DIM1' - Env: THE_END - Type: NORMAL & seed: 7370343306682271369
2016-02-06 11:49:33 [INFO] [Multiverse-Core] Loading World & Settings - 'DIM-1' - Env: NETHER - Type: NORMAL & seed: 7370343306682271369
2016-02-06 11:49:34 [INFO] [Multiverse-Core] Loading World & Settings - 'city' - Env: NORMAL - Type: NORMAL & seed: 2386401173717377293 & generator: CityWorld
2016-02-06 11:49:36 [INFO] [Multiverse-Core] Loading World & Settings - 'mine' - Env: NORMAL - Type: AMPLIFIED & seed: 7370343306682271369
2016-02-06 11:49:45 [INFO] [Multiverse-Core] 6 - World(s) loaded.
2016-02-06 13:40:03 [INFO] [Multiverse-Core] - Version 2.4-b527 (API v14) Enabled - By Rigby, fernferret, lithium3141 and main--
2016-02-06 13:40:04 [INFO] [Multiverse-Core] Loading World & Settings - 'hub' - Env: THE_END - Type: FLAT & seed: 7370343306682271369
2016-02-06 13:40:04 [INFO] [Multiverse-Core] Loading World & Settings - 'world' - Env: NORMAL - Type: NORMAL & seed: 7370343306682271369
2016-02-06 13:40:04 [INFO] [Multiverse-Core] Loading World & Settings - 'DIM1' - Env: THE_END - Type: NORMAL & seed: 7370343306682271369
2016-02-06 13:40:04 [INFO] [Multiverse-Core] Loading World & Settings - 'DIM-1' - Env: NETHER - Type: NORMAL & seed: 7370343306682271369
2016-02-06 13:40:05 [INFO] [Multiverse-Core] 4 - World(s) loaded.
2016-02-06 13:45:27 [INFO] [Multiverse-Core] - Version 2.4-b527 (API v14) Enabled - By Rigby, fernferret, lithium3141 and main--
2016-02-06 13:45:27 [INFO] [Multiverse-Core] Loading World & Settings - 'hub' - Env: THE_END - Type: FLAT & seed: 7370343306682271369
2016-02-06 13:45:28 [INFO] [Multiverse-Core] Loading World & Settings - 'world' - Env: NORMAL - Type: NORMAL & seed: 7370343306682271369
2016-02-06 13:45:28 [INFO] [Multiverse-Core] Loading World & Settings - 'DIM1' - Env: THE_END - Type: NORMAL & seed: 7370343306682271369
2016-02-06 13:45:28 [INFO] [Multiverse-Core] Loading World & Settings - 'DIM-1' - Env: NETHER - Type: NORMAL & seed: 7370343306682271369
2016-02-06 13:45:29 [INFO] [Multiverse-Core] 4 - World(s) loaded.
2016-02-06 13:50:41 [INFO] [Multiverse-Core] Loading World & Settings - 'amplified' - Env: NORMAL - Type: null
2016-02-06 13:52:11 [WARNING] [Multiverse-Core] Spawn location from world.dat file was unsafe. Adjusting...
2016-02-06 13:52:11 [WARNING] [Multiverse-Core] Original Location: X: -224 Y: 64 Z: 20 P: 0 Y: 0 
2016-02-06 13:52:11 [INFO] [Multiverse-Core] New Spawn for 'amplified' is Located at: amplified:-220.50,61.00,26.50:0.00:0.00
2016-02-06 13:59:57 [INFO] [Multiverse-Core] Loading World & Settings - 'stronghold' - Env: NORMAL - Type: null
2016-02-06 14:00:07 [WARNING] [Multiverse-Core] Spawn location from world.dat file was unsafe. Adjusting...
2016-02-06 14:00:07 [WARNING] [Multiverse-Core] Original Location: X: -21 Y: 4 Z: 44 P: 0 Y: 0 
2016-02-06 14:00:07 [INFO] [Multiverse-Core] New Spawn for 'stronghold' is Located at: stronghold:-24.50,4.00,40.50:0.00:0.00
2016-02-07 16:42:49 [INFO] [Multiverse-Core] - Version 2.4-b527 (API v14) Enabled - By Rigby, fernferret, lithium3141 and main--
2016-02-07 16:42:50 [INFO] [Multiverse-Core] Loading World & Settings - 'hub' - Env: THE_END - Type: FLAT & seed: 7370343306682271369
2016-02-07 16:42:52 [INFO] [Multiverse-Core] Loading World & Settings - 'world' - Env: NORMAL - Type: NORMAL & seed: 7370343306682271369
2016-02-07 16:42:52 [INFO] [Multiverse-Core] Loading World & Settings - 'DIM1' - Env: THE_END - Type: NORMAL & seed: 7370343306682271369
2016-02-07 16:42:53 [INFO] [Multiverse-Core] Loading World & Settings - 'DIM-1' - Env: NETHER - Type: NORMAL & seed: 7370343306682271369
2016-02-07 16:42:56 [INFO] [Multiverse-Core] Loading World & Settings - 'amplified' - Env: NORMAL - Type: AMPLIFIED & seed: 7456589118616369233
2016-02-07 16:43:00 [INFO] [Multiverse-Core] Loading World & Settings - 'stronghold' - Env: NORMAL - Type: FLAT & seed: -7465197050576712854
2016-02-07 16:43:04 [INFO] [Multiverse-Core] 6 - World(s) loaded.
2016-02-08 07:19:23 [INFO] [Multiverse-Core] - Version 2.4-b527 (API v14) Enabled - By Rigby, fernferret, lithium3141 and main--
2016-02-08 07:19:23 [INFO] [Multiverse-Core] Loading World & Settings - 'hub' - Env: THE_END - Type: FLAT & seed: 7370343306682271369
2016-02-08 07:19:23 [INFO] [Multiverse-Core] Loading World & Settings - 'world' - Env: NORMAL - Type: NORMAL & seed: 7370343306682271369
2016-02-08 07:19:23 [INFO] [Multiverse-Core] Loading World & Settings - 'DIM1' - Env: THE_END - Type: NORMAL & seed: 7370343306682271369
2016-02-08 07:19:24 [INFO] [Multiverse-Core] Loading World & Settings - 'DIM-1' - Env: NETHER - Type: NORMAL & seed: 7370343306682271369
2016-02-08 07:19:25 [INFO] [Multiverse-Core] Loading World & Settings - 'amplified' - Env: NORMAL - Type: AMPLIFIED & seed: 7456589118616369233
2016-02-08 07:19:26 [INFO] [Multiverse-Core] Loading World & Settings - 'stronghold' - Env: NORMAL - Type: FLAT & seed: -7465197050576712854
2016-02-08 07:19:28 [INFO] [Multiverse-Core] 6 - World(s) loaded.
2016-02-08 07:53:40 [INFO] [Multiverse-Core] - Version 2.4-b527 (API v14) Enabled - By Rigby, fernferret, lithium3141 and main--
2016-02-08 07:53:40 [INFO] [Multiverse-Core] Loading World & Settings - 'hub' - Env: THE_END - Type: FLAT & seed: 7370343306682271369
2016-02-08 07:53:41 [INFO] [Multiverse-Core] Loading World & Settings - 'world' - Env: NORMAL - Type: NORMAL & seed: 7370343306682271369
2016-02-08 07:53:41 [INFO] [Multiverse-Core] Loading World & Settings - 'DIM1' - Env: THE_END - Type: NORMAL & seed: 7370343306682271369
2016-02-08 07:53:41 [INFO] [Multiverse-Core] Loading World & Settings - 'DIM-1' - Env: NETHER - Type: NORMAL & seed: 7370343306682271369
2016-02-08 07:53:42 [INFO] [Multiverse-Core] Loading World & Settings - 'amplified' - Env: NORMAL - Type: AMPLIFIED & seed: 7456589118616369233
2016-02-08 07:53:43 [INFO] [Multiverse-Core] Loading World & Settings - 'stronghold' - Env: NORMAL - Type: FLAT & seed: -7465197050576712854
2016-02-08 07:53:44 [INFO] [Multiverse-Core] 6 - World(s) loaded.
2016-02-08 08:37:03 [INFO] [Multiverse-Core] - Version 2.4-b527 (API v14) Enabled - By Rigby, fernferret, lithium3141 and main--
2016-02-08 08:37:03 [INFO] [Multiverse-Core] Loading World & Settings - 'hub' - Env: THE_END - Type: FLAT & seed: 7370343306682271369
2016-02-08 08:37:03 [INFO] [Multiverse-Core] Loading World & Settings - 'world' - Env: NORMAL - Type: NORMAL & seed: 7370343306682271369
2016-02-08 08:37:03 [INFO] [Multiverse-Core] Loading World & Settings - 'DIM1' - Env: THE_END - Type: NORMAL & seed: 7370343306682271369
2016-02-08 08:37:04 [INFO] [Multiverse-Core] Loading World & Settings - 'DIM-1' - Env: NETHER - Type: NORMAL & seed: 7370343306682271369
2016-02-08 08:37:04 [INFO] [Multiverse-Core] Loading World & Settings - 'amplified' - Env: NORMAL - Type: AMPLIFIED & seed: 7456589118616369233
2016-02-08 08:37:05 [INFO] [Multiverse-Core] Loading World & Settings - 'stronghold' - Env: NORMAL - Type: FLAT & seed: -7465197050576712854
2016-02-08 08:37:06 [INFO] [Multiverse-Core] 6 - World(s) loaded.
2016-02-08 09:48:26 [INFO] [Multiverse-Core] Loading World & Settings - 'city' - Env: NORMAL - Type: null
2016-02-08 09:51:23 [INFO] [Multiverse-Core] - Version 2.4-b527 (API v14) Enabled - By Rigby, fernferret, lithium3141 and main--
2016-02-08 09:51:23 [INFO] [Multiverse-Core] Loading World & Settings - 'hub' - Env: THE_END - Type: FLAT & seed: 7370343306682271369
2016-02-08 09:51:23 [INFO] [Multiverse-Core] Loading World & Settings - 'world' - Env: NORMAL - Type: NORMAL & seed: 7370343306682271369
2016-02-08 09:51:23 [INFO] [Multiverse-Core] Loading World & Settings - 'DIM1' - Env: THE_END - Type: NORMAL & seed: 7370343306682271369
2016-02-08 09:51:23 [INFO] [Multiverse-Core] Loading World & Settings - 'DIM-1' - Env: NETHER - Type: NORMAL & seed: 7370343306682271369
2016-02-08 09:51:24 [INFO] [Multiverse-Core] Loading World & Settings - 'amplified' - Env: NORMAL - Type: AMPLIFIED & seed: 7456589118616369233
2016-02-08 09:51:25 [INFO] [Multiverse-Core] Loading World & Settings - 'stronghold' - Env: NORMAL - Type: FLAT & seed: -7465197050576712854
2016-02-08 09:51:26 [INFO] [Multiverse-Core] Loading World & Settings - 'city' - Env: NORMAL - Type: NORMAL & seed: 2386401173717377293
2016-02-08 09:51:40 [INFO] [Multiverse-Core] 7 - World(s) loaded.
2016-02-08 09:55:18 [INFO] [Multiverse-Core] World 'city' was unloaded from memory.
2016-02-08 09:55:18 [INFO] [Multiverse-Core] World 'city' was removed from config.yml
2016-02-08 09:55:18 [INFO] [Multiverse-Core] World city was DELETED.
2016-02-08 09:55:30 [INFO] [Multiverse-Core] Loading World & Settings - 'city' - Env: NORMAL - Type: NORMAL & generator: CityWorld
2016-02-08 09:57:41 [INFO] [Multiverse-Core] - Version 2.4-b527 (API v14) Enabled - By Rigby, fernferret, lithium3141 and main--
2016-02-08 09:57:41 [INFO] [Multiverse-Core] Loading World & Settings - 'hub' - Env: THE_END - Type: FLAT & seed: 7370343306682271369
2016-02-08 09:57:41 [INFO] [Multiverse-Core] Loading World & Settings - 'world' - Env: NORMAL - Type: NORMAL & seed: 7370343306682271369
2016-02-08 09:57:41 [INFO] [Multiverse-Core] Loading World & Settings - 'DIM1' - Env: THE_END - Type: NORMAL & seed: 7370343306682271369
2016-02-08 09:57:41 [INFO] [Multiverse-Core] Loading World & Settings - 'DIM-1' - Env: NETHER - Type: NORMAL & seed: 7370343306682271369
2016-02-08 09:57:42 [INFO] [Multiverse-Core] Loading World & Settings - 'amplified' - Env: NORMAL - Type: AMPLIFIED & seed: 7456589118616369233
2016-02-08 09:57:43 [INFO] [Multiverse-Core] Loading World & Settings - 'stronghold' - Env: NORMAL - Type: FLAT & seed: -7465197050576712854
2016-02-08 09:57:44 [INFO] [Multiverse-Core] Loading World & Settings - 'city' - Env: NORMAL - Type: NORMAL & seed: -2138590848684844959 & generator: CityWorld
2016-02-08 09:57:45 [INFO] [Multiverse-Core] 7 - World(s) loaded.
2016-02-08 10:09:18 [INFO] [Multiverse-Core] - Version 2.4-b527 (API v14) Enabled - By Rigby, fernferret, lithium3141 and main--
2016-02-08 10:09:18 [INFO] [Multiverse-Core] Loading World & Settings - 'hub' - Env: THE_END - Type: FLAT & seed: 7370343306682271369
2016-02-08 10:09:18 [INFO] [Multiverse-Core] Loading World & Settings - 'world' - Env: NORMAL - Type: NORMAL & seed: 7370343306682271369
2016-02-08 10:09:18 [INFO] [Multiverse-Core] Loading World & Settings - 'DIM1' - Env: THE_END - Type: NORMAL & seed: 7370343306682271369
2016-02-08 10:09:18 [INFO] [Multiverse-Core] Loading World & Settings - 'DIM-1' - Env: NETHER - Type: NORMAL & seed: 7370343306682271369
2016-02-08 10:09:19 [INFO] [Multiverse-Core] Loading World & Settings - 'amplified' - Env: NORMAL - Type: AMPLIFIED & seed: 7456589118616369233
2016-02-08 10:09:20 [INFO] [Multiverse-Core] Loading World & Settings - 'stronghold' - Env: NORMAL - Type: FLAT & seed: -7465197050576712854
2016-02-08 10:09:21 [INFO] [Multiverse-Core] Loading World & Settings - 'city' - Env: NORMAL - Type: NORMAL & seed: -2138590848684844959 & generator: CityWorld
2016-02-08 10:09:21 [INFO] [Multiverse-Core] 7 - World(s) loaded.
2016-02-08 10:10:22 [INFO] [Multiverse-Core] World 'city' was unloaded from memory.
2016-02-08 10:10:22 [INFO] [Multiverse-Core] World 'city' was removed from config.yml
2016-02-08 10:10:22 [INFO] [Multiverse-Core] World city was DELETED.
2016-02-08 10:11:36 [INFO] [Multiverse-Core] Loading World & Settings - 'city' - Env: NORMAL - Type: NORMAL & generator: CityWorld
2016-02-08 10:14:14 [INFO] [Multiverse-Core] - Version 2.4-b527 (API v14) Enabled - By Rigby, fernferret, lithium3141 and main--
2016-02-08 10:14:14 [INFO] [Multiverse-Core] Loading World & Settings - 'hub' - Env: THE_END - Type: FLAT & seed: 7370343306682271369
2016-02-08 10:14:14 [INFO] [Multiverse-Core] Loading World & Settings - 'world' - Env: NORMAL - Type: NORMAL & seed: 7370343306682271369
2016-02-08 10:14:14 [INFO] [Multiverse-Core] Loading World & Settings - 'DIM1' - Env: THE_END - Type: NORMAL & seed: 7370343306682271369
2016-02-08 10:14:14 [INFO] [Multiverse-Core] Loading World & Settings - 'DIM-1' - Env: NETHER - Type: NORMAL & seed: 7370343306682271369
2016-02-08 10:14:15 [INFO] [Multiverse-Core] Loading World & Settings - 'amplified' - Env: NORMAL - Type: AMPLIFIED & seed: 7456589118616369233
2016-02-08 10:14:16 [INFO] [Multiverse-Core] Loading World & Settings - 'stronghold' - Env: NORMAL - Type: FLAT & seed: -7465197050576712854
2016-02-08 10:14:18 [INFO] [Multiverse-Core] Loading World & Settings - 'city' - Env: NORMAL - Type: NORMAL & seed: 8681728746941193625 & generator: CityWorld
2016-02-08 10:14:18 [INFO] [Multiverse-Core] 7 - World(s) loaded.
2016-02-08 10:14:55 [INFO] [Multiverse-Core] World 'city' was unloaded from memory.
2016-02-08 10:14:55 [INFO] [Multiverse-Core] World 'city' was removed from config.yml
2016-02-08 10:14:55 [INFO] [Multiverse-Core] World city was DELETED.
2016-02-08 10:15:14 [INFO] [Multiverse-Core] Loading World & Settings - 'city' - Env: NORMAL - Type: NORMAL & generator: CityWorld
2016-02-08 10:18:49 [INFO] [Multiverse-Core] Loading World & Settings - 'city' - Env: NORMAL - Type: null
2016-02-08 10:19:01 [INFO] [Multiverse-Core] World 'city' was unloaded from memory.
2016-02-08 10:19:01 [INFO] [Multiverse-Core] World 'city' was removed from config.yml
2016-02-08 10:19:01 [INFO] [Multiverse-Core] World city was DELETED.
2016-02-08 10:19:11 [INFO] [Multiverse-Core] Loading World & Settings - 'city' - Env: NORMAL - Type: NORMAL & generator: CityWorld
2016-02-08 10:25:31 [INFO] [Multiverse-Core] Loading World & Settings - 'city' - Env: NORMAL - Type: null
2016-02-08 10:27:39 [INFO] [Multiverse-Core] World 'city' was unloaded from memory.
2016-02-08 10:27:39 [INFO] [Multiverse-Core] World 'city' was removed from config.yml
2016-02-08 10:27:39 [INFO] [Multiverse-Core] World city was DELETED.
2016-02-08 10:27:43 [INFO] [Multiverse-Core] Loading World & Settings - 'city' - Env: NORMAL - Type: NORMAL & generator: CityWorld
2016-02-08 10:33:24 [INFO] [Multiverse-Core] - Version 2.4-b527 (API v14) Enabled - By Rigby, fernferret, lithium3141 and main--
2016-02-08 10:33:24 [INFO] [Multiverse-Core] Loading World & Settings - 'hub' - Env: THE_END - Type: FLAT & seed: 7370343306682271369
2016-02-08 10:33:25 [INFO] [Multiverse-Core] Loading World & Settings - 'world' - Env: NORMAL - Type: NORMAL & seed: 7370343306682271369
2016-02-08 10:33:25 [INFO] [Multiverse-Core] Loading World & Settings - 'DIM1' - Env: THE_END - Type: NORMAL & seed: 7370343306682271369
2016-02-08 10:33:25 [INFO] [Multiverse-Core] Loading World & Settings - 'DIM-1' - Env: NETHER - Type: NORMAL & seed: 7370343306682271369
2016-02-08 10:33:26 [INFO] [Multiverse-Core] Loading World & Settings - 'amplified' - Env: NORMAL - Type: AMPLIFIED & seed: 7456589118616369233
2016-02-08 10:33:28 [INFO] [Multiverse-Core] Loading World & Settings - 'stronghold' - Env: NORMAL - Type: FLAT & seed: -7465197050576712854
2016-02-08 10:33:30 [INFO] [Multiverse-Core] Loading World & Settings - 'city' - Env: NORMAL - Type: NORMAL & seed: 1644436301725424130 & generator: CityWorld
2016-02-08 10:33:30 [INFO] [Multiverse-Core] 7 - World(s) loaded.
2016-02-08 10:36:14 [INFO] [Multiverse-Core] World 'city' was unloaded from memory.
2016-02-08 10:36:14 [INFO] [Multiverse-Core] World 'city' was removed from config.yml
2016-02-08 10:36:14 [INFO] [Multiverse-Core] World city was DELETED.
2016-02-08 10:36:22 [INFO] [Multiverse-Core] Loading World & Settings - 'city' - Env: NORMAL - Type: NORMAL & generator: CityWorld
2016-02-08 10:45:37 [INFO] [Multiverse-Core] - Version 2.4-b527 (API v14) Enabled - By Rigby, fernferret, lithium3141 and main--
2016-02-08 10:45:37 [INFO] [Multiverse-Core] Loading World & Settings - 'hub' - Env: THE_END - Type: FLAT & seed: 7370343306682271369
2016-02-08 10:45:38 [INFO] [Multiverse-Core] Loading World & Settings - 'world' - Env: NORMAL - Type: NORMAL & seed: 7370343306682271369
2016-02-08 10:45:38 [INFO] [Multiverse-Core] Loading World & Settings - 'DIM1' - Env: THE_END - Type: NORMAL & seed: 7370343306682271369
2016-02-08 10:45:38 [INFO] [Multiverse-Core] Loading World & Settings - 'DIM-1' - Env: NETHER - Type: NORMAL & seed: 7370343306682271369
2016-02-08 10:45:38 [INFO] [Multiverse-Core] Loading World & Settings - 'amplified' - Env: NORMAL - Type: AMPLIFIED & seed: 7456589118616369233
2016-02-08 10:45:39 [INFO] [Multiverse-Core] Loading World & Settings - 'stronghold' - Env: NORMAL - Type: FLAT & seed: -7465197050576712854
2016-02-08 10:45:40 [INFO] [Multiverse-Core] Loading World & Settings - 'city' - Env: NORMAL - Type: NORMAL & seed: 7675692959141643495 & generator: CityWorld
2016-02-08 10:45:59 [INFO] [Multiverse-Core] 7 - World(s) loaded.
2016-02-08 10:49:19 [INFO] [Multiverse-Core] - Version 2.4-b527 (API v14) Enabled - By Rigby, fernferret, lithium3141 and main--
2016-02-08 10:49:19 [INFO] [Multiverse-Core] Loading World & Settings - 'hub' - Env: THE_END - Type: FLAT & seed: 7370343306682271369
2016-02-08 10:49:19 [INFO] [Multiverse-Core] Loading World & Settings - 'world' - Env: NORMAL - Type: NORMAL & seed: 7370343306682271369
2016-02-08 10:49:19 [INFO] [Multiverse-Core] Loading World & Settings - 'DIM1' - Env: THE_END - Type: NORMAL & seed: 7370343306682271369
2016-02-08 10:49:20 [INFO] [Multiverse-Core] Loading World & Settings - 'DIM-1' - Env: NETHER - Type: NORMAL & seed: 7370343306682271369
2016-02-08 10:49:20 [INFO] [Multiverse-Core] Loading World & Settings - 'amplified' - Env: NORMAL - Type: AMPLIFIED & seed: 7456589118616369233
2016-02-08 10:49:22 [INFO] [Multiverse-Core] Loading World & Settings - 'stronghold' - Env: NORMAL - Type: FLAT & seed: -7465197050576712854
2016-02-08 10:49:23 [INFO] [Multiverse-Core] Loading World & Settings - 'city' - Env: NORMAL - Type: NORMAL & seed: 7675692959141643495 & generator: CityWorld
2016-02-08 10:49:44 [INFO] [Multiverse-Core] 7 - World(s) loaded.
2016-02-08 10:53:49 [INFO] [Multiverse-Core] - Version 2.4-b527 (API v14) Enabled - By Rigby, fernferret, lithium3141 and main--
2016-02-08 10:53:49 [INFO] [Multiverse-Core] Loading World & Settings - 'hub' - Env: THE_END - Type: FLAT & seed: 7370343306682271369
2016-02-08 10:53:50 [INFO] [Multiverse-Core] Loading World & Settings - 'world' - Env: NORMAL - Type: NORMAL & seed: 7370343306682271369
2016-02-08 10:53:50 [INFO] [Multiverse-Core] Loading World & Settings - 'DIM1' - Env: THE_END - Type: NORMAL & seed: 7370343306682271369
2016-02-08 10:53:50 [INFO] [Multiverse-Core] Loading World & Settings - 'DIM-1' - Env: NETHER - Type: NORMAL & seed: 7370343306682271369
2016-02-08 10:53:50 [INFO] [Multiverse-Core] Loading World & Settings - 'amplified' - Env: NORMAL - Type: AMPLIFIED & seed: 7456589118616369233
2016-02-08 10:53:51 [INFO] [Multiverse-Core] Loading World & Settings - 'stronghold' - Env: NORMAL - Type: FLAT & seed: -7465197050576712854
2016-02-08 10:53:52 [INFO] [Multiverse-Core] Loading World & Settings - 'city' - Env: NORMAL - Type: NORMAL & seed: 7675692959141643495 & generator: CityWorld
2016-02-08 10:53:54 [WARNING] [Multiverse-Core] Spawn location from world.dat file was unsafe. Adjusting...
2016-02-08 10:53:54 [WARNING] [Multiverse-Core] Original Location: X: 66 Y: 67 Z: 49 P: 0 Y: 0 
2016-02-08 10:53:54 [INFO] [Multiverse-Core] New Spawn for 'city' is Located at: city:67.50,67.00,49.50:0.00:0.00
2016-02-08 10:54:06 [INFO] [Multiverse-Core] 7 - World(s) loaded.
2016-02-08 11:02:25 [INFO] [Multiverse-Core] - Version 2.4-b527 (API v14) Enabled - By Rigby, fernferret, lithium3141 and main--
2016-02-08 11:02:25 [INFO] [Multiverse-Core] Loading World & Settings - 'hub' - Env: THE_END - Type: FLAT & seed: 7370343306682271369
2016-02-08 11:02:25 [INFO] [Multiverse-Core] Loading World & Settings - 'world' - Env: NORMAL - Type: NORMAL & seed: 7370343306682271369
2016-02-08 11:02:25 [INFO] [Multiverse-Core] Loading World & Settings - 'DIM1' - Env: THE_END - Type: NORMAL & seed: 7370343306682271369
2016-02-08 11:02:25 [INFO] [Multiverse-Core] Loading World & Settings - 'DIM-1' - Env: NETHER - Type: NORMAL & seed: 7370343306682271369
2016-02-08 11:02:26 [INFO] [Multiverse-Core] Loading World & Settings - 'amplified' - Env: NORMAL - Type: AMPLIFIED & seed: 7456589118616369233
2016-02-08 11:02:27 [INFO] [Multiverse-Core] Loading World & Settings - 'stronghold' - Env: NORMAL - Type: FLAT & seed: -7465197050576712854
2016-02-08 11:02:28 [INFO] [Multiverse-Core] Loading World & Settings - 'city' - Env: NORMAL - Type: NORMAL & seed: 7675692959141643495 & generator: CityWorld
2016-02-08 11:02:30 [WARNING] [Multiverse-Core] Spawn location from world.dat file was unsafe. Adjusting...
2016-02-08 11:02:30 [WARNING] [Multiverse-Core] Original Location: X: 66 Y: 75 Z: 49 P: 0 Y: 0 
2016-02-08 11:02:30 [INFO] [Multiverse-Core] New Spawn for 'city' is Located at: city:67.50,75.00,49.50:0.00:0.00
2016-02-08 11:02:46 [INFO] [Multiverse-Core] 7 - World(s) loaded.
2016-02-08 11:12:10 [INFO] [Multiverse-Core] - Version 2.4-b527 (API v14) Enabled - By Rigby, fernferret, lithium3141 and main--
2016-02-08 11:12:10 [INFO] [Multiverse-Core] Loading World & Settings - 'hub' - Env: THE_END - Type: FLAT & seed: 7370343306682271369
2016-02-08 11:12:11 [INFO] [Multiverse-Core] Loading World & Settings - 'world' - Env: NORMAL - Type: NORMAL & seed: 7370343306682271369
2016-02-08 11:12:11 [INFO] [Multiverse-Core] Loading World & Settings - 'DIM1' - Env: THE_END - Type: NORMAL & seed: 7370343306682271369
2016-02-08 11:12:11 [INFO] [Multiverse-Core] Loading World & Settings - 'DIM-1' - Env: NETHER - Type: NORMAL & seed: 7370343306682271369
2016-02-08 11:12:11 [INFO] [Multiverse-Core] Loading World & Settings - 'amplified' - Env: NORMAL - Type: AMPLIFIED & seed: 7456589118616369233
2016-02-08 11:12:12 [INFO] [Multiverse-Core] Loading World & Settings - 'stronghold' - Env: NORMAL - Type: FLAT & seed: -7465197050576712854
2016-02-08 11:12:14 [INFO] [Multiverse-Core] Loading World & Settings - 'city' - Env: NORMAL - Type: NORMAL & seed: 7675692959141643495 & generator: CityWorld
2016-02-08 11:12:18 [INFO] [Multiverse-Core] 7 - World(s) loaded.
2016-02-08 11:31:10 [INFO] [Multiverse-Core] - Version 2.4-b527 (API v14) Enabled - By Rigby, fernferret, lithium3141 and main--
2016-02-08 11:31:10 [INFO] [Multiverse-Core] Loading World & Settings - 'hub' - Env: THE_END - Type: FLAT & seed: 7370343306682271369
2016-02-08 11:31:10 [INFO] [Multiverse-Core] Loading World & Settings - 'world' - Env: NORMAL - Type: NORMAL & seed: 7370343306682271369
2016-02-08 11:31:10 [INFO] [Multiverse-Core] Loading World & Settings - 'DIM1' - Env: THE_END - Type: NORMAL & seed: 7370343306682271369
2016-02-08 11:31:11 [INFO] [Multiverse-Core] Loading World & Settings - 'DIM-1' - Env: NETHER - Type: NORMAL & seed: 7370343306682271369
2016-02-08 11:31:12 [INFO] [Multiverse-Core] Loading World & Settings - 'amplified' - Env: NORMAL - Type: AMPLIFIED & seed: 7456589118616369233
2016-02-08 11:31:13 [INFO] [Multiverse-Core] Loading World & Settings - 'stronghold' - Env: NORMAL - Type: FLAT & seed: -7465197050576712854
2016-02-08 11:31:14 [INFO] [Multiverse-Core] Loading World & Settings - 'city' - Env: NORMAL - Type: NORMAL & seed: 7675692959141643495 & generator: CityWorld
2016-02-08 11:31:14 [INFO] [Multiverse-Core] 7 - World(s) loaded.
2016-02-08 12:39:59 [INFO] [Multiverse-Core] - Version 2.4-b527 (API v14) Enabled - By Rigby, fernferret, lithium3141 and main--
2016-02-08 12:39:59 [INFO] [Multiverse-Core] Loading World & Settings - 'hub' - Env: THE_END - Type: FLAT & seed: 7370343306682271369
2016-02-08 12:40:00 [INFO] [Multiverse-Core] Loading World & Settings - 'world' - Env: NORMAL - Type: NORMAL & seed: 7370343306682271369
2016-02-08 12:40:00 [INFO] [Multiverse-Core] Loading World & Settings - 'DIM1' - Env: THE_END - Type: NORMAL & seed: 7370343306682271369
2016-02-08 12:40:00 [INFO] [Multiverse-Core] Loading World & Settings - 'DIM-1' - Env: NETHER - Type: NORMAL & seed: 7370343306682271369
2016-02-08 12:40:01 [INFO] [Multiverse-Core] Loading World & Settings - 'amplified' - Env: NORMAL - Type: AMPLIFIED & seed: 7456589118616369233
2016-02-08 12:40:02 [INFO] [Multiverse-Core] Loading World & Settings - 'stronghold' - Env: NORMAL - Type: FLAT & seed: -7465197050576712854
2016-02-08 12:40:03 [INFO] [Multiverse-Core] Loading World & Settings - 'city' - Env: NORMAL - Type: NORMAL & seed: 7675692959141643495 & generator: CityWorld
2016-02-08 12:40:04 [INFO] [Multiverse-Core] 7 - World(s) loaded.
2016-02-08 12:50:43 [INFO] [Multiverse-Core] - Version 2.4-b527 (API v14) Enabled - By Rigby, fernferret, lithium3141 and main--
2016-02-08 12:50:44 [INFO] [Multiverse-Core] Loading World & Settings - 'hub' - Env: THE_END - Type: FLAT & seed: 7370343306682271369
2016-02-08 12:50:44 [INFO] [Multiverse-Core] Loading World & Settings - 'world' - Env: NORMAL - Type: NORMAL & seed: 7370343306682271369
2016-02-08 12:50:44 [INFO] [Multiverse-Core] Loading World & Settings - 'DIM1' - Env: THE_END - Type: NORMAL & seed: 7370343306682271369
2016-02-08 12:50:44 [INFO] [Multiverse-Core] Loading World & Settings - 'DIM-1' - Env: NETHER - Type: NORMAL & seed: 7370343306682271369
2016-02-08 12:50:45 [INFO] [Multiverse-Core] Loading World & Settings - 'amplified' - Env: NORMAL - Type: AMPLIFIED & seed: 7456589118616369233
2016-02-08 12:50:46 [INFO] [Multiverse-Core] Loading World & Settings - 'stronghold' - Env: NORMAL - Type: FLAT & seed: -7465197050576712854
2016-02-08 12:50:47 [INFO] [Multiverse-Core] Loading World & Settings - 'city' - Env: NORMAL - Type: NORMAL & seed: 7675692959141643495 & generator: CityWorld
2016-02-08 12:50:48 [INFO] [Multiverse-Core] 7 - World(s) loaded.
2016-02-08 14:39:11 [INFO] [Multiverse-Core] - Version 2.4-b527 (API v14) Enabled - By Rigby, fernferret, lithium3141 and main--
2016-02-08 14:39:12 [INFO] [Multiverse-Core] Loading World & Settings - 'hub' - Env: THE_END - Type: FLAT & seed: 7370343306682271369
2016-02-08 14:39:12 [INFO] [Multiverse-Core] Loading World & Settings - 'world' - Env: NORMAL - Type: NORMAL & seed: 7370343306682271369
2016-02-08 14:39:12 [INFO] [Multiverse-Core] Loading World & Settings - 'DIM1' - Env: THE_END - Type: NORMAL & seed: 7370343306682271369
2016-02-08 14:39:12 [INFO] [Multiverse-Core] Loading World & Settings - 'DIM-1' - Env: NETHER - Type: NORMAL & seed: 7370343306682271369
2016-02-08 14:39:13 [INFO] [Multiverse-Core] Loading World & Settings - 'amplified' - Env: NORMAL - Type: AMPLIFIED & seed: 7456589118616369233
2016-02-08 14:39:14 [INFO] [Multiverse-Core] Loading World & Settings - 'stronghold' - Env: NORMAL - Type: FLAT & seed: -7465197050576712854
2016-02-08 14:39:15 [INFO] [Multiverse-Core] Loading World & Settings - 'city' - Env: NORMAL - Type: NORMAL & seed: 7675692959141643495 & generator: CityWorld
2016-02-08 14:39:16 [INFO] [Multiverse-Core] 7 - World(s) loaded.
2016-02-08 15:01:29 [INFO] [Multiverse-Core] - Version 2.4-b527 (API v14) Enabled - By Rigby, fernferret, lithium3141 and main--
2016-02-08 15:01:29 [INFO] [Multiverse-Core] Loading World & Settings - 'hub' - Env: THE_END - Type: FLAT & seed: 7370343306682271369
2016-02-08 15:01:30 [INFO] [Multiverse-Core] Loading World & Settings - 'world' - Env: NORMAL - Type: NORMAL & seed: 7370343306682271369
2016-02-08 15:01:30 [INFO] [Multiverse-Core] Loading World & Settings - 'DIM1' - Env: THE_END - Type: NORMAL & seed: 7370343306682271369
2016-02-08 15:01:30 [INFO] [Multiverse-Core] Loading World & Settings - 'DIM-1' - Env: NETHER - Type: NORMAL & seed: 7370343306682271369
2016-02-08 15:01:31 [INFO] [Multiverse-Core] Loading World & Settings - 'amplified' - Env: NORMAL - Type: AMPLIFIED & seed: 7456589118616369233
2016-02-08 15:01:32 [INFO] [Multiverse-Core] Loading World & Settings - 'stronghold' - Env: NORMAL - Type: FLAT & seed: -7465197050576712854
2016-02-08 15:01:33 [INFO] [Multiverse-Core] Loading World & Settings - 'city' - Env: NORMAL - Type: NORMAL & seed: 7675692959141643495 & generator: CityWorld
2016-02-08 15:01:33 [INFO] [Multiverse-Core] 7 - World(s) loaded.
2016-02-08 15:32:18 [INFO] [Multiverse-Core] - Version 2.4-b527 (API v14) Enabled - By Rigby, fernferret, lithium3141 and main--
2016-02-08 15:32:19 [INFO] [Multiverse-Core] Loading World & Settings - 'hub' - Env: THE_END - Type: FLAT & seed: 7370343306682271369
2016-02-08 15:32:19 [INFO] [Multiverse-Core] Loading World & Settings - 'world' - Env: NORMAL - Type: NORMAL & seed: 7370343306682271369
2016-02-08 15:32:19 [INFO] [Multiverse-Core] Loading World & Settings - 'DIM1' - Env: THE_END - Type: NORMAL & seed: 7370343306682271369
2016-02-08 15:32:19 [INFO] [Multiverse-Core] Loading World & Settings - 'DIM-1' - Env: NETHER - Type: NORMAL & seed: 7370343306682271369
2016-02-08 15:32:20 [INFO] [Multiverse-Core] Loading World & Settings - 'amplified' - Env: NORMAL - Type: AMPLIFIED & seed: 7456589118616369233
2016-02-08 15:32:21 [INFO] [Multiverse-Core] Loading World & Settings - 'stronghold' - Env: NORMAL - Type: FLAT & seed: -7465197050576712854
2016-02-08 15:32:22 [INFO] [Multiverse-Core] Loading World & Settings - 'city' - Env: NORMAL - Type: NORMAL & seed: 7675692959141643495 & generator: CityWorld
2016-02-08 15:32:23 [INFO] [Multiverse-Core] 7 - World(s) loaded.
2016-02-08 15:36:41 [INFO] [Multiverse-Core] Loading World & Settings - 'sky' - Env: NORMAL - Type: NORMAL & generator: SkylandsPlus
2016-02-08 15:36:41 [SEVERE] [Multiverse-Core] The world 'sky' could NOT be loaded because it contains errors!
2016-02-08 15:36:41 [SEVERE] [Multiverse-Core] Try using Chukster to repair your world! 'sky'
2016-02-08 15:36:41 [SEVERE] [Multiverse-Core] http://forums.bukkit.org/threads/admin-chunkster.8186/
2016-02-08 15:40:11 [INFO] [Multiverse-Core] - Version 2.4-b527 (API v14) Enabled - By Rigby, fernferret, lithium3141 and main--
2016-02-08 15:40:11 [INFO] [Multiverse-Core] Loading World & Settings - 'hub' - Env: THE_END - Type: FLAT & seed: 7370343306682271369
2016-02-08 15:40:12 [INFO] [Multiverse-Core] Loading World & Settings - 'world' - Env: NORMAL - Type: NORMAL & seed: 7370343306682271369
2016-02-08 15:40:12 [INFO] [Multiverse-Core] Loading World & Settings - 'DIM1' - Env: THE_END - Type: NORMAL & seed: 7370343306682271369
2016-02-08 15:40:12 [INFO] [Multiverse-Core] Loading World & Settings - 'DIM-1' - Env: NETHER - Type: NORMAL & seed: 7370343306682271369
2016-02-08 15:40:13 [INFO] [Multiverse-Core] Loading World & Settings - 'amplified' - Env: NORMAL - Type: AMPLIFIED & seed: 7456589118616369233
2016-02-08 15:40:13 [INFO] [Multiverse-Core] Loading World & Settings - 'stronghold' - Env: NORMAL - Type: FLAT & seed: -7465197050576712854
2016-02-08 15:40:14 [INFO] [Multiverse-Core] Loading World & Settings - 'city' - Env: NORMAL - Type: NORMAL & seed: 7675692959141643495 & generator: CityWorld
2016-02-08 15:40:15 [INFO] [Multiverse-Core] 7 - World(s) loaded.
2016-02-08 15:42:17 [INFO] [Multiverse-Core] Loading World & Settings - 'skytest' - Env: NORMAL - Type: NORMAL & generator: SkyStoneGen
2016-02-08 15:42:22 [WARNING] [Multiverse-Core] Spawn location from world.dat file was unsafe. Adjusting...
2016-02-08 15:42:22 [WARNING] [Multiverse-Core] Original Location: X: 2 Y: 115 Z: -2 P: 0 Y: 0 
2016-02-08 15:42:23 [INFO] [Multiverse-Core] New Spawn for 'skytest' is Located at: skytest:0.00,95.00,0.00:0.00:0.00
2016-02-08 16:23:07 [INFO] [Multiverse-Core] - Version 2.4-b527 (API v14) Enabled - By Rigby, fernferret, lithium3141 and main--
2016-02-08 16:23:08 [INFO] [Multiverse-Core] Loading World & Settings - 'hub' - Env: THE_END - Type: FLAT & seed: 7370343306682271369
2016-02-08 16:23:08 [INFO] [Multiverse-Core] Loading World & Settings - 'world' - Env: NORMAL - Type: NORMAL & seed: 7370343306682271369
2016-02-08 16:23:08 [INFO] [Multiverse-Core] Loading World & Settings - 'DIM1' - Env: THE_END - Type: NORMAL & seed: 7370343306682271369
2016-02-08 16:23:09 [INFO] [Multiverse-Core] Loading World & Settings - 'DIM-1' - Env: NETHER - Type: NORMAL & seed: 7370343306682271369
2016-02-08 16:23:09 [INFO] [Multiverse-Core] Loading World & Settings - 'amplified' - Env: NORMAL - Type: AMPLIFIED & seed: 7456589118616369233
2016-02-08 16:23:10 [INFO] [Multiverse-Core] Loading World & Settings - 'stronghold' - Env: NORMAL - Type: FLAT & seed: -7465197050576712854
2016-02-08 16:23:12 [INFO] [Multiverse-Core] Loading World & Settings - 'city' - Env: NORMAL - Type: NORMAL & seed: 7675692959141643495 & generator: CityWorld
2016-02-08 16:23:13 [INFO] [Multiverse-Core] 7 - World(s) loaded.
2016-02-08 16:29:32 [INFO] [Multiverse-Core] Loading World & Settings - 'skytest2' - Env: NORMAL - Type: NORMAL
2016-02-09 14:30:41 [INFO] [Multiverse-Core] - Version 2.4-b527 (API v14) Enabled - By Rigby, fernferret, lithium3141 and main--
2016-02-09 14:30:41 [INFO] [Multiverse-Core] Loading World & Settings - 'hub' - Env: THE_END - Type: FLAT & seed: 7370343306682271369
2016-02-09 14:30:42 [INFO] [Multiverse-Core] Loading World & Settings - 'world' - Env: NORMAL - Type: NORMAL & seed: 7370343306682271369
2016-02-09 14:30:42 [INFO] [Multiverse-Core] Loading World & Settings - 'DIM1' - Env: THE_END - Type: NORMAL & seed: 7370343306682271369
2016-02-09 14:30:42 [INFO] [Multiverse-Core] Loading World & Settings - 'DIM-1' - Env: NETHER - Type: NORMAL & seed: 7370343306682271369
2016-02-09 14:30:43 [INFO] [Multiverse-Core] Loading World & Settings - 'amplified' - Env: NORMAL - Type: AMPLIFIED & seed: 7456589118616369233
2016-02-09 14:30:45 [INFO] [Multiverse-Core] Loading World & Settings - 'stronghold' - Env: NORMAL - Type: FLAT & seed: -7465197050576712854
2016-02-09 14:30:47 [INFO] [Multiverse-Core] Loading World & Settings - 'city' - Env: NORMAL - Type: NORMAL & seed: 7675692959141643495 & generator: CityWorld
2016-02-09 14:30:48 [INFO] [Multiverse-Core] Loading World & Settings - 'skytest2' - Env: NORMAL - Type: NORMAL & seed: 8510840887123041092
2016-02-09 14:30:50 [INFO] [Multiverse-Core] 8 - World(s) loaded.
2016-02-09 14:42:34 [INFO] [Multiverse-Core] - Version 2.4-b527 (API v14) Enabled - By Rigby, fernferret, lithium3141 and main--
2016-02-09 14:42:34 [INFO] [Multiverse-Core] Loading World & Settings - 'hub' - Env: THE_END - Type: FLAT & seed: 7370343306682271369
2016-02-09 14:42:34 [INFO] [Multiverse-Core] Loading World & Settings - 'world' - Env: NORMAL - Type: NORMAL & seed: 7370343306682271369
2016-02-09 14:42:34 [INFO] [Multiverse-Core] Loading World & Settings - 'DIM1' - Env: THE_END - Type: NORMAL & seed: 7370343306682271369
2016-02-09 14:42:35 [INFO] [Multiverse-Core] Loading World & Settings - 'DIM-1' - Env: NETHER - Type: NORMAL & seed: 7370343306682271369
2016-02-09 14:42:35 [INFO] [Multiverse-Core] Loading World & Settings - 'amplified' - Env: NORMAL - Type: AMPLIFIED & seed: 7456589118616369233
2016-02-09 14:42:36 [INFO] [Multiverse-Core] Loading World & Settings - 'stronghold' - Env: NORMAL - Type: FLAT & seed: -7465197050576712854
2016-02-09 14:42:37 [INFO] [Multiverse-Core] Loading World & Settings - 'city' - Env: NORMAL - Type: NORMAL & seed: 7675692959141643495 & generator: CityWorld
2016-02-09 14:42:37 [INFO] [Multiverse-Core] Loading World & Settings - 'skytest2' - Env: NORMAL - Type: NORMAL & seed: 8510840887123041092
2016-02-09 14:42:38 [INFO] [Multiverse-Core] 8 - World(s) loaded.
2016-02-09 15:27:57 [INFO] [Multiverse-Core] - Version 2.4-b527 (API v14) Enabled - By Rigby, fernferret, lithium3141 and main--
2016-02-09 15:27:58 [INFO] [Multiverse-Core] Loading World & Settings - 'hub' - Env: THE_END - Type: FLAT & seed: 7370343306682271369
2016-02-09 15:27:58 [INFO] [Multiverse-Core] Loading World & Settings - 'world' - Env: NORMAL - Type: NORMAL & seed: 7370343306682271369
2016-02-09 15:27:59 [INFO] [Multiverse-Core] Loading World & Settings - 'DIM1' - Env: THE_END - Type: NORMAL & seed: 7370343306682271369
2016-02-09 15:27:59 [INFO] [Multiverse-Core] Loading World & Settings - 'DIM-1' - Env: NETHER - Type: NORMAL & seed: 7370343306682271369
2016-02-09 15:27:59 [INFO] [Multiverse-Core] Loading World & Settings - 'amplified' - Env: NORMAL - Type: AMPLIFIED & seed: 7456589118616369233
2016-02-09 15:28:00 [INFO] [Multiverse-Core] Loading World & Settings - 'stronghold' - Env: NORMAL - Type: FLAT & seed: -7465197050576712854
2016-02-09 15:28:01 [INFO] [Multiverse-Core] Loading World & Settings - 'city' - Env: NORMAL - Type: NORMAL & seed: 7675692959141643495 & generator: CityWorld
2016-02-09 15:28:01 [INFO] [Multiverse-Core] Loading World & Settings - 'skytest2' - Env: NORMAL - Type: NORMAL & seed: 8510840887123041092
2016-02-09 15:28:02 [INFO] [Multiverse-Core] 8 - World(s) loaded.
2016-02-09 15:57:55 [INFO] [Multiverse-Core] - Version 2.4-b527 (API v14) Enabled - By Rigby, fernferret, lithium3141 and main--
2016-02-09 15:57:57 [INFO] [Multiverse-Core] Loading World & Settings - 'hub' - Env: THE_END - Type: FLAT & seed: 7370343306682271369
2016-02-09 15:57:57 [INFO] [Multiverse-Core] Loading World & Settings - 'world' - Env: NORMAL - Type: NORMAL & seed: 7370343306682271369
2016-02-09 15:57:57 [INFO] [Multiverse-Core] Loading World & Settings - 'DIM1' - Env: THE_END - Type: NORMAL & seed: 7370343306682271369
2016-02-09 15:57:57 [INFO] [Multiverse-Core] Loading World & Settings - 'DIM-1' - Env: NETHER - Type: NORMAL & seed: 7370343306682271369
2016-02-09 15:57:58 [INFO] [Multiverse-Core] Loading World & Settings - 'amplified' - Env: NORMAL - Type: AMPLIFIED & seed: 7456589118616369233
2016-02-09 15:57:59 [INFO] [Multiverse-Core] Loading World & Settings - 'stronghold' - Env: NORMAL - Type: FLAT & seed: -7465197050576712854
2016-02-09 15:58:00 [INFO] [Multiverse-Core] Loading World & Settings - 'city' - Env: NORMAL - Type: NORMAL & seed: 7675692959141643495 & generator: CityWorld
2016-02-09 15:58:01 [INFO] [Multiverse-Core] Loading World & Settings - 'skytest2' - Env: NORMAL - Type: NORMAL & seed: 8510840887123041092
2016-02-09 15:58:01 [INFO] [Multiverse-Core] 8 - World(s) loaded.
2016-02-09 16:07:29 [INFO] [Multiverse-Core] - Version 2.4-b527 (API v14) Enabled - By Rigby, fernferret, lithium3141 and main--
2016-02-09 16:07:30 [INFO] [Multiverse-Core] Loading World & Settings - 'hub' - Env: THE_END - Type: FLAT & seed: 7370343306682271369
2016-02-09 16:07:30 [INFO] [Multiverse-Core] Loading World & Settings - 'world' - Env: NORMAL - Type: NORMAL & seed: 7370343306682271369
2016-02-09 16:07:30 [INFO] [Multiverse-Core] Loading World & Settings - 'DIM1' - Env: THE_END - Type: NORMAL & seed: 7370343306682271369
2016-02-09 16:07:30 [INFO] [Multiverse-Core] Loading World & Settings - 'DIM-1' - Env: NETHER - Type: NORMAL & seed: 7370343306682271369
2016-02-09 16:07:31 [INFO] [Multiverse-Core] Loading World & Settings - 'amplified' - Env: NORMAL - Type: AMPLIFIED & seed: 7456589118616369233
2016-02-09 16:07:32 [INFO] [Multiverse-Core] Loading World & Settings - 'stronghold' - Env: NORMAL - Type: FLAT & seed: -7465197050576712854
2016-02-09 16:07:33 [INFO] [Multiverse-Core] Loading World & Settings - 'city' - Env: NORMAL - Type: NORMAL & seed: 7675692959141643495 & generator: CityWorld
2016-02-09 16:07:33 [INFO] [Multiverse-Core] Loading World & Settings - 'skytest2' - Env: NORMAL - Type: NORMAL & seed: 8510840887123041092
2016-02-09 16:07:34 [INFO] [Multiverse-Core] 8 - World(s) loaded.
2016-02-09 16:15:35 [INFO] [Multiverse-Core] - Version 2.4-b527 (API v14) Enabled - By Rigby, fernferret, lithium3141 and main--
2016-02-09 16:15:36 [INFO] [Multiverse-Core] Loading World & Settings - 'hub' - Env: THE_END - Type: FLAT & seed: 7370343306682271369
2016-02-09 16:15:36 [INFO] [Multiverse-Core] Loading World & Settings - 'world' - Env: NORMAL - Type: NORMAL & seed: 7370343306682271369
2016-02-09 16:15:36 [INFO] [Multiverse-Core] Loading World & Settings - 'DIM1' - Env: THE_END - Type: NORMAL & seed: 7370343306682271369
2016-02-09 16:15:36 [INFO] [Multiverse-Core] Loading World & Settings - 'DIM-1' - Env: NETHER - Type: NORMAL & seed: 7370343306682271369
2016-02-09 16:15:37 [INFO] [Multiverse-Core] Loading World & Settings - 'amplified' - Env: NORMAL - Type: AMPLIFIED & seed: 7456589118616369233
2016-02-09 16:15:38 [INFO] [Multiverse-Core] Loading World & Settings - 'stronghold' - Env: NORMAL - Type: FLAT & seed: -7465197050576712854
2016-02-09 16:15:39 [INFO] [Multiverse-Core] Loading World & Settings - 'city' - Env: NORMAL - Type: NORMAL & seed: 7675692959141643495 & generator: CityWorld
2016-02-09 16:15:41 [INFO] [Multiverse-Core] Loading World & Settings - 'skytest2' - Env: NORMAL - Type: NORMAL & seed: 8510840887123041092
2016-02-09 16:15:41 [INFO] [Multiverse-Core] 8 - World(s) loaded.
2016-02-10 12:33:08 [INFO] [Multiverse-Core] - Version 2.4-b527 (API v14) Enabled - By Rigby, fernferret, lithium3141 and main--
2016-02-10 12:33:08 [INFO] [Multiverse-Core] Loading World & Settings - 'hub' - Env: THE_END - Type: FLAT & seed: 7370343306682271369
2016-02-10 12:33:10 [INFO] [Multiverse-Core] Loading World & Settings - 'world' - Env: NORMAL - Type: NORMAL & seed: 7370343306682271369
2016-02-10 12:33:10 [WARNING] [Multiverse-Core] Spawn location from world.dat file was unsafe. Adjusting...
2016-02-10 12:33:10 [WARNING] [Multiverse-Core] Original Location: X: 0 Y: 63 Z: -1 P: 0 Y: 0 
2016-02-10 12:33:10 [INFO] [Multiverse-Core] New Spawn for 'world' is Located at: world:5.50,63.00,4.50:0.00:0.00
2016-02-10 12:33:11 [INFO] [Multiverse-Core] Loading World & Settings - 'DIM1' - Env: THE_END - Type: NORMAL & seed: 7370343306682271369
2016-02-10 12:33:13 [INFO] [Multiverse-Core] Loading World & Settings - 'DIM-1' - Env: NETHER - Type: NORMAL & seed: 7370343306682271369
2016-02-10 12:33:20 [INFO] [Multiverse-Core] Loading World & Settings - 'amplified' - Env: NORMAL - Type: AMPLIFIED & seed: 7456589118616369233
2016-02-10 12:33:37 [INFO] [Multiverse-Core] Loading World & Settings - 'stronghold' - Env: NORMAL - Type: FLAT & seed: -7465197050576712854
2016-02-10 12:33:56 [INFO] [Multiverse-Core] Loading World & Settings - 'city' - Env: NORMAL - Type: NORMAL & seed: 7675692959141643495 & generator: CityWorld
2016-02-10 12:34:12 [INFO] [Multiverse-Core] Loading World & Settings - 'skytest2' - Env: NORMAL - Type: NORMAL & seed: 8510840887123041092
2016-02-10 12:34:30 [INFO] [Multiverse-Core] 8 - World(s) loaded.
